<?xml version="1.0" encoding="UTF-8"?>
<coverage generated="1640793359741" clover="3.2.0">
  <project timestamp="1640793359741" name="All files">
    <metrics statements="298" coveredstatements="167" conditionals="102" coveredconditionals="38" methods="103" coveredmethods="44" elements="503" coveredelements="249" complexity="0" loc="298" ncloc="298" packages="21" files="47" classes="47"/>
    <package name="coingecko">
      <metrics statements="7" coveredstatements="5" conditionals="2" coveredconditionals="1" methods="1" coveredmethods="1"/>
      <file name="App.tsx" path="/Users/cklfish/Projects/coingecko/App.tsx">
        <metrics statements="3" coveredstatements="3" conditionals="0" coveredconditionals="0" methods="1" coveredmethods="1"/>
        <line num="27" count="1" type="stmt"/>
        <line num="30" count="1" type="stmt"/>
        <line num="42" count="1" type="stmt"/>
      </file>
      <file name="i18n.tsx" path="/Users/cklfish/Projects/coingecko/i18n.tsx">
        <metrics statements="1" coveredstatements="1" conditionals="0" coveredconditionals="0" methods="0" coveredmethods="0"/>
        <line num="6" count="1" type="stmt"/>
      </file>
      <file name="wdyr.ts" path="/Users/cklfish/Projects/coingecko/wdyr.ts">
        <metrics statements="3" coveredstatements="1" conditionals="2" coveredconditionals="1" methods="0" coveredmethods="0"/>
        <line num="5" count="1" type="cond" truecount="1" falsecount="1"/>
        <line num="6" count="0" type="stmt"/>
        <line num="7" count="0" type="stmt"/>
      </file>
    </package>
    <package name="coingecko.Utils">
      <metrics statements="3" coveredstatements="3" conditionals="3" coveredconditionals="3" methods="3" coveredmethods="3"/>
      <file name="NumberUtil.ts" path="/Users/cklfish/Projects/coingecko/Utils/NumberUtil.ts">
        <metrics statements="1" coveredstatements="1" conditionals="0" coveredconditionals="0" methods="1" coveredmethods="1"/>
        <line num="3" count="27" type="stmt"/>
      </file>
      <file name="TextUtil.ts" path="/Users/cklfish/Projects/coingecko/Utils/TextUtil.ts">
        <metrics statements="2" coveredstatements="2" conditionals="3" coveredconditionals="3" methods="2" coveredmethods="2"/>
        <line num="8" count="6" type="stmt"/>
        <line num="20" count="3" type="stmt"/>
      </file>
      <file name="index.ts" path="/Users/cklfish/Projects/coingecko/Utils/index.ts">
        <metrics statements="0" coveredstatements="0" conditionals="0" coveredconditionals="0" methods="0" coveredmethods="0"/>
      </file>
    </package>
    <package name="coingecko.actions">
      <metrics statements="2" coveredstatements="2" conditionals="0" coveredconditionals="0" methods="0" coveredmethods="0"/>
      <file name="action.ts" path="/Users/cklfish/Projects/coingecko/actions/action.ts">
        <metrics statements="2" coveredstatements="2" conditionals="0" coveredconditionals="0" methods="0" coveredmethods="0"/>
        <line num="9" count="1" type="stmt"/>
        <line num="32" count="1" type="stmt"/>
      </file>
      <file name="index.ts" path="/Users/cklfish/Projects/coingecko/actions/index.ts">
        <metrics statements="0" coveredstatements="0" conditionals="0" coveredconditionals="0" methods="0" coveredmethods="0"/>
      </file>
    </package>
    <package name="coingecko.apis">
      <metrics statements="29" coveredstatements="25" conditionals="11" coveredconditionals="9" methods="8" coveredmethods="6"/>
      <file name="apis.ts" path="/Users/cklfish/Projects/coingecko/apis/apis.ts">
        <metrics statements="29" coveredstatements="25" conditionals="11" coveredconditionals="9" methods="8" coveredmethods="6"/>
        <line num="20" count="2" type="stmt"/>
        <line num="21" count="5" type="cond" truecount="2" falsecount="0"/>
        <line num="22" count="2" type="stmt"/>
        <line num="24" count="3" type="stmt"/>
        <line num="27" count="2" type="stmt"/>
        <line num="28" count="3" type="cond" truecount="4" falsecount="0"/>
        <line num="29" count="1" type="stmt"/>
        <line num="31" count="2" type="stmt"/>
        <line num="34" count="3" type="stmt"/>
        <line num="40" count="2" type="stmt"/>
        <line num="43" count="2" type="stmt"/>
        <line num="44" count="2" type="stmt"/>
        <line num="57" count="2" type="cond" truecount="0" falsecount="1"/>
        <line num="58" count="1" type="stmt"/>
        <line num="63" count="1" type="cond" truecount="3" falsecount="1"/>
        <line num="64" count="1" type="stmt"/>
        <line num="72" count="1" type="stmt"/>
        <line num="75" count="2" type="stmt"/>
        <line num="76" count="1" type="stmt"/>
        <line num="81" count="1" type="stmt"/>
        <line num="84" count="2" type="stmt"/>
        <line num="88" count="0" type="stmt"/>
        <line num="93" count="0" type="stmt"/>
        <line num="96" count="2" type="stmt"/>
        <line num="97" count="0" type="stmt"/>
        <line num="102" count="0" type="stmt"/>
        <line num="105" count="2" type="stmt"/>
        <line num="107" count="1" type="stmt"/>
        <line num="109" count="1" type="stmt"/>
      </file>
    </package>
    <package name="coingecko.components.CGAppbar">
      <metrics statements="2" coveredstatements="2" conditionals="0" coveredconditionals="0" methods="1" coveredmethods="1"/>
      <file name="CGAppbar.tsx" path="/Users/cklfish/Projects/coingecko/components/CGAppbar/CGAppbar.tsx">
        <metrics statements="2" coveredstatements="2" conditionals="0" coveredconditionals="0" methods="1" coveredmethods="1"/>
        <line num="6" count="2" type="stmt"/>
        <line num="9" count="2" type="stmt"/>
      </file>
      <file name="index.tsx" path="/Users/cklfish/Projects/coingecko/components/CGAppbar/index.tsx">
        <metrics statements="0" coveredstatements="0" conditionals="0" coveredconditionals="0" methods="0" coveredmethods="0"/>
      </file>
    </package>
    <package name="coingecko.components.CGColorText">
      <metrics statements="4" coveredstatements="4" conditionals="6" coveredconditionals="5" methods="1" coveredmethods="1"/>
      <file name="CGColorText.tsx" path="/Users/cklfish/Projects/coingecko/components/CGColorText/CGColorText.tsx">
        <metrics statements="4" coveredstatements="4" conditionals="6" coveredconditionals="5" methods="1" coveredmethods="1"/>
        <line num="13" count="4" type="stmt"/>
        <line num="14" count="4" type="cond" truecount="2" falsecount="0"/>
        <line num="15" count="4" type="stmt"/>
        <line num="17" count="4" type="stmt"/>
      </file>
      <file name="index.tsx" path="/Users/cklfish/Projects/coingecko/components/CGColorText/index.tsx">
        <metrics statements="0" coveredstatements="0" conditionals="0" coveredconditionals="0" methods="0" coveredmethods="0"/>
      </file>
    </package>
    <package name="coingecko.components.CGDataRow">
      <metrics statements="11" coveredstatements="11" conditionals="7" coveredconditionals="7" methods="2" coveredmethods="2"/>
      <file name="CGDataRow.tsx" path="/Users/cklfish/Projects/coingecko/components/CGDataRow/CGDataRow.tsx">
        <metrics statements="11" coveredstatements="11" conditionals="7" coveredconditionals="7" methods="2" coveredmethods="2"/>
        <line num="33" count="2" type="stmt"/>
        <line num="34" count="3" type="cond" truecount="1" falsecount="0"/>
        <line num="36" count="3" type="stmt"/>
        <line num="39" count="5" type="stmt"/>
        <line num="40" count="5" type="cond" truecount="6" falsecount="0"/>
        <line num="42" count="1" type="stmt"/>
        <line num="48" count="1" type="stmt"/>
        <line num="54" count="1" type="stmt"/>
        <line num="60" count="1" type="stmt"/>
        <line num="67" count="1" type="stmt"/>
        <line num="78" count="2" type="stmt"/>
      </file>
      <file name="index.tsx" path="/Users/cklfish/Projects/coingecko/components/CGDataRow/index.tsx">
        <metrics statements="0" coveredstatements="0" conditionals="0" coveredconditionals="0" methods="0" coveredmethods="0"/>
      </file>
    </package>
    <package name="coingecko.components.CGError">
      <metrics statements="8" coveredstatements="6" conditionals="2" coveredconditionals="0" methods="2" coveredmethods="1"/>
      <file name="CGError.tsx" path="/Users/cklfish/Projects/coingecko/components/CGError/CGError.tsx">
        <metrics statements="8" coveredstatements="6" conditionals="2" coveredconditionals="0" methods="2" coveredmethods="1"/>
        <line num="10" count="2" type="stmt"/>
        <line num="11" count="2" type="stmt"/>
        <line num="12" count="2" type="stmt"/>
        <line num="14" count="2" type="stmt"/>
        <line num="15" count="0" type="cond" truecount="0" falsecount="2"/>
        <line num="16" count="0" type="stmt"/>
        <line num="20" count="2" type="stmt"/>
        <line num="30" count="2" type="stmt"/>
      </file>
      <file name="index.tsx" path="/Users/cklfish/Projects/coingecko/components/CGError/index.tsx">
        <metrics statements="0" coveredstatements="0" conditionals="0" coveredconditionals="0" methods="0" coveredmethods="0"/>
      </file>
    </package>
    <package name="coingecko.components.CGFavouriteButton">
      <metrics statements="10" coveredstatements="6" conditionals="6" coveredconditionals="2" methods="3" coveredmethods="1"/>
      <file name="CGFavouriteButton.tsx" path="/Users/cklfish/Projects/coingecko/components/CGFavouriteButton/CGFavouriteButton.tsx">
        <metrics statements="10" coveredstatements="6" conditionals="6" coveredconditionals="2" methods="3" coveredmethods="1"/>
        <line num="14" count="3" type="stmt"/>
        <line num="21" count="4" type="stmt"/>
        <line num="22" count="4" type="stmt"/>
        <line num="24" count="4" type="stmt"/>
        <line num="26" count="0" type="cond" truecount="0" falsecount="2"/>
        <line num="27" count="0" type="stmt"/>
        <line num="33" count="4" type="stmt"/>
        <line num="35" count="0" type="cond" truecount="0" falsecount="2"/>
        <line num="36" count="0" type="stmt"/>
        <line num="42" count="4" type="cond" truecount="2" falsecount="0"/>
      </file>
      <file name="index.tsx" path="/Users/cklfish/Projects/coingecko/components/CGFavouriteButton/index.tsx">
        <metrics statements="0" coveredstatements="0" conditionals="0" coveredconditionals="0" methods="0" coveredmethods="0"/>
      </file>
    </package>
    <package name="coingecko.components.CGGlobalMarket">
      <metrics statements="14" coveredstatements="14" conditionals="11" coveredconditionals="5" methods="8" coveredmethods="8"/>
      <file name="CGGlobalMarket.tsx" path="/Users/cklfish/Projects/coingecko/components/CGGlobalMarket/CGGlobalMarket.tsx">
        <metrics statements="14" coveredstatements="14" conditionals="11" coveredconditionals="5" methods="8" coveredmethods="8"/>
        <line num="34" count="2" type="stmt"/>
        <line num="39" count="1" type="cond" truecount="0" falsecount="1"/>
        <line num="44" count="2" type="stmt"/>
        <line num="56" count="1" type="stmt"/>
        <line num="57" count="1" type="cond" truecount="2" falsecount="0"/>
        <line num="58" count="1" type="stmt"/>
        <line num="60" count="1" type="stmt"/>
        <line num="68" count="1" type="stmt"/>
        <line num="77" count="1" type="stmt"/>
        <line num="88" count="1" type="stmt"/>
        <line num="97" count="1" type="stmt"/>
        <line num="110" count="1" type="stmt"/>
        <line num="112" count="1" type="cond" truecount="1" falsecount="1"/>
        <line num="142" count="2" type="stmt"/>
      </file>
      <file name="index.tsx" path="/Users/cklfish/Projects/coingecko/components/CGGlobalMarket/index.tsx">
        <metrics statements="0" coveredstatements="0" conditionals="0" coveredconditionals="0" methods="0" coveredmethods="0"/>
      </file>
    </package>
    <package name="coingecko.components.CGLoading">
      <metrics statements="5" coveredstatements="3" conditionals="0" coveredconditionals="0" methods="2" coveredmethods="0"/>
      <file name="CGLoading.tsx" path="/Users/cklfish/Projects/coingecko/components/CGLoading/CGLoading.tsx">
        <metrics statements="3" coveredstatements="2" conditionals="0" coveredconditionals="0" methods="1" coveredmethods="0"/>
        <line num="6" count="1" type="stmt"/>
        <line num="7" count="0" type="stmt"/>
        <line num="16" count="1" type="stmt"/>
      </file>
      <file name="CGLoadingIndicator.tsx" path="/Users/cklfish/Projects/coingecko/components/CGLoading/CGLoadingIndicator.tsx">
        <metrics statements="2" coveredstatements="1" conditionals="0" coveredconditionals="0" methods="1" coveredmethods="0"/>
        <line num="9" count="1" type="stmt"/>
        <line num="10" count="0" type="stmt"/>
      </file>
      <file name="index.tsx" path="/Users/cklfish/Projects/coingecko/components/CGLoading/index.tsx">
        <metrics statements="0" coveredstatements="0" conditionals="0" coveredconditionals="0" methods="0" coveredmethods="0"/>
      </file>
    </package>
    <package name="coingecko.components.CGPagination">
      <metrics statements="17" coveredstatements="9" conditionals="8" coveredconditionals="1" methods="6" coveredmethods="1"/>
      <file name="CGPagination.tsx" path="/Users/cklfish/Projects/coingecko/components/CGPagination/CGPagination.tsx">
        <metrics statements="17" coveredstatements="9" conditionals="8" coveredconditionals="1" methods="6" coveredmethods="1"/>
        <line num="11" count="1" type="stmt"/>
        <line num="12" count="1" type="stmt"/>
        <line num="14" count="1" type="stmt"/>
        <line num="16" count="0" type="cond" truecount="0" falsecount="2"/>
        <line num="17" count="0" type="stmt"/>
        <line num="23" count="1" type="stmt"/>
        <line num="24" count="0" type="stmt"/>
        <line num="27" count="1" type="stmt"/>
        <line num="28" count="0" type="cond" truecount="0" falsecount="2"/>
        <line num="29" count="0" type="stmt"/>
        <line num="33" count="1" type="stmt"/>
        <line num="34" count="0" type="cond" truecount="0" falsecount="2"/>
        <line num="35" count="0" type="stmt"/>
        <line num="39" count="1" type="stmt"/>
        <line num="40" count="0" type="stmt"/>
        <line num="43" count="1" type="cond" truecount="1" falsecount="1"/>
        <line num="70" count="1" type="stmt"/>
      </file>
    </package>
    <package name="coingecko.components.CGTrendCard">
      <metrics statements="19" coveredstatements="2" conditionals="14" coveredconditionals="0" methods="9" coveredmethods="0"/>
      <file name="CGTrendCard.tsx" path="/Users/cklfish/Projects/coingecko/components/CGTrendCard/CGTrendCard.tsx">
        <metrics statements="19" coveredstatements="2" conditionals="14" coveredconditionals="0" methods="9" coveredmethods="0"/>
        <line num="22" count="1" type="stmt"/>
        <line num="23" count="0" type="stmt"/>
        <line num="24" count="0" type="cond" truecount="0" falsecount="2"/>
        <line num="25" count="0" type="stmt"/>
        <line num="30" count="0" type="stmt"/>
        <line num="32" count="0" type="stmt"/>
        <line num="33" count="0" type="stmt"/>
        <line num="35" count="0" type="stmt"/>
        <line num="36" count="0" type="stmt"/>
        <line num="38" count="0" type="stmt"/>
        <line num="39" count="0" type="stmt"/>
        <line num="40" count="0" type="stmt"/>
        <line num="46" count="0" type="stmt"/>
        <line num="47" count="0" type="stmt"/>
        <line num="51" count="0" type="stmt"/>
        <line num="53" count="0" type="stmt"/>
        <line num="86" count="0" type="cond" truecount="0" falsecount="2"/>
        <line num="91" count="0" type="cond" truecount="0" falsecount="1"/>
        <line num="115" count="1" type="stmt"/>
      </file>
      <file name="index.ts" path="/Users/cklfish/Projects/coingecko/components/CGTrendCard/index.ts">
        <metrics statements="0" coveredstatements="0" conditionals="0" coveredconditionals="0" methods="0" coveredmethods="0"/>
      </file>
    </package>
    <package name="coingecko.reducers">
      <metrics statements="39" coveredstatements="14" conditionals="0" coveredconditionals="0" methods="14" coveredmethods="4"/>
      <file name="crypto.reducer.ts" path="/Users/cklfish/Projects/coingecko/reducers/crypto.reducer.ts">
        <metrics statements="10" coveredstatements="4" conditionals="0" coveredconditionals="0" methods="4" coveredmethods="1"/>
        <line num="16" count="1" type="stmt"/>
        <line num="25" count="1" type="stmt"/>
        <line num="26" count="0" type="stmt"/>
        <line num="28" count="1" type="stmt"/>
        <line num="29" count="0" type="stmt"/>
        <line num="33" count="0" type="stmt"/>
        <line num="34" count="0" type="stmt"/>
        <line num="36" count="1" type="stmt"/>
        <line num="37" count="0" type="stmt"/>
        <line num="38" count="0" type="stmt"/>
      </file>
      <file name="market.reducer.ts" path="/Users/cklfish/Projects/coingecko/reducers/market.reducer.ts">
        <metrics statements="17" coveredstatements="4" conditionals="0" coveredconditionals="0" methods="4" coveredmethods="1"/>
        <line num="11" count="1" type="stmt"/>
        <line num="16" count="1" type="stmt"/>
        <line num="17" count="0" type="stmt"/>
        <line num="19" count="1" type="stmt"/>
        <line num="20" count="0" type="stmt"/>
        <line num="21" count="0" type="stmt"/>
        <line num="22" count="0" type="stmt"/>
        <line num="23" count="0" type="stmt"/>
        <line num="25" count="0" type="stmt"/>
        <line num="26" count="0" type="stmt"/>
        <line num="27" count="0" type="stmt"/>
        <line num="28" count="0" type="stmt"/>
        <line num="29" count="0" type="stmt"/>
        <line num="30" count="0" type="stmt"/>
        <line num="32" count="1" type="stmt"/>
        <line num="33" count="0" type="stmt"/>
        <line num="34" count="0" type="stmt"/>
      </file>
      <file name="preference.reducer.ts" path="/Users/cklfish/Projects/coingecko/reducers/preference.reducer.ts">
        <metrics statements="3" coveredstatements="2" conditionals="0" coveredconditionals="0" methods="2" coveredmethods="1"/>
        <line num="11" count="1" type="stmt"/>
        <line num="18" count="1" type="stmt"/>
        <line num="19" count="0" type="stmt"/>
      </file>
      <file name="trend.reducer.ts" path="/Users/cklfish/Projects/coingecko/reducers/trend.reducer.ts">
        <metrics statements="9" coveredstatements="4" conditionals="0" coveredconditionals="0" methods="4" coveredmethods="1"/>
        <line num="12" count="1" type="stmt"/>
        <line num="19" count="1" type="stmt"/>
        <line num="20" count="0" type="stmt"/>
        <line num="22" count="1" type="stmt"/>
        <line num="23" count="0" type="stmt"/>
        <line num="24" count="0" type="stmt"/>
        <line num="26" count="1" type="stmt"/>
        <line num="27" count="0" type="stmt"/>
        <line num="28" count="0" type="stmt"/>
      </file>
    </package>
    <package name="coingecko.routes">
      <metrics statements="11" coveredstatements="11" conditionals="0" coveredconditionals="0" methods="5" coveredmethods="5"/>
      <file name="index.tsx" path="/Users/cklfish/Projects/coingecko/routes/index.tsx">
        <metrics statements="11" coveredstatements="11" conditionals="0" coveredconditionals="0" methods="5" coveredmethods="5"/>
        <line num="18" count="1" type="stmt"/>
        <line num="19" count="1" type="stmt"/>
        <line num="27" count="1" type="stmt"/>
        <line num="28" count="1" type="stmt"/>
        <line num="29" count="1" type="stmt"/>
        <line num="31" count="1" type="stmt"/>
        <line num="39" count="2" type="stmt"/>
        <line num="55" count="2" type="stmt"/>
        <line num="69" count="2" type="stmt"/>
        <line num="85" count="1" type="stmt"/>
        <line num="94" count="3" type="stmt"/>
      </file>
    </package>
    <package name="coingecko.routes.CryptoGlobalMarket">
      <metrics statements="20" coveredstatements="2" conditionals="6" coveredconditionals="0" methods="6" coveredmethods="0"/>
      <file name="CryptoGlobalMarket.tsx" path="/Users/cklfish/Projects/coingecko/routes/CryptoGlobalMarket/CryptoGlobalMarket.tsx">
        <metrics statements="20" coveredstatements="2" conditionals="6" coveredconditionals="0" methods="6" coveredmethods="0"/>
        <line num="15" count="1" type="stmt"/>
        <line num="16" count="0" type="stmt"/>
        <line num="17" count="0" type="stmt"/>
        <line num="31" count="0" type="stmt"/>
        <line num="32" count="0" type="stmt"/>
        <line num="36" count="0" type="stmt"/>
        <line num="37" count="0" type="cond" truecount="0" falsecount="2"/>
        <line num="38" count="0" type="stmt"/>
        <line num="41" count="0" type="stmt"/>
        <line num="55" count="0" type="stmt"/>
        <line num="59" count="0" type="stmt"/>
        <line num="60" count="0" type="stmt"/>
        <line num="65" count="0" type="stmt"/>
        <line num="66" count="0" type="stmt"/>
        <line num="69" count="0" type="cond" truecount="0" falsecount="2"/>
        <line num="70" count="0" type="stmt"/>
        <line num="73" count="0" type="cond" truecount="0" falsecount="2"/>
        <line num="74" count="0" type="stmt"/>
        <line num="77" count="0" type="stmt"/>
        <line num="94" count="1" type="stmt"/>
      </file>
    </package>
    <package name="coingecko.routes.CryptoSummary">
      <metrics statements="44" coveredstatements="30" conditionals="14" coveredconditionals="5" methods="15" coveredmethods="5"/>
      <file name="CryptoSummary.tsx" path="/Users/cklfish/Projects/coingecko/routes/CryptoSummary/CryptoSummary.tsx">
        <metrics statements="19" coveredstatements="13" conditionals="8" coveredconditionals="2" methods="6" coveredmethods="2"/>
        <line num="15" count="1" type="stmt"/>
        <line num="16" count="1" type="stmt"/>
        <line num="18" count="1" type="stmt"/>
        <line num="21" count="1" type="stmt"/>
        <line num="25" count="1" type="stmt"/>
        <line num="27" count="1" type="stmt"/>
        <line num="29" count="1" type="stmt"/>
        <line num="30" count="1" type="stmt"/>
        <line num="32" count="1" type="stmt"/>
        <line num="33" count="0" type="stmt"/>
        <line num="38" count="1" type="cond" truecount="0" falsecount="1"/>
        <line num="39" count="0" type="stmt"/>
        <line num="45" count="1" type="stmt"/>
        <line num="47" count="0" type="stmt"/>
        <line num="49" count="0" type="stmt"/>
        <line num="56" count="0" type="stmt"/>
        <line num="57" count="0" type="stmt"/>
        <line num="62" count="1" type="stmt"/>
        <line num="172" count="1" type="stmt"/>
      </file>
      <file name="CryptoSummaryTableBody.tsx" path="/Users/cklfish/Projects/coingecko/routes/CryptoSummary/CryptoSummaryTableBody.tsx">
        <metrics statements="20" coveredstatements="12" conditionals="6" coveredconditionals="3" methods="8" coveredmethods="2"/>
        <line num="20" count="1" type="stmt"/>
        <line num="21" count="1" type="stmt"/>
        <line num="22" count="1" type="stmt"/>
        <line num="23" count="1" type="stmt"/>
        <line num="25" count="1" type="stmt"/>
        <line num="27" count="1" type="stmt"/>
        <line num="28" count="0" type="stmt"/>
        <line num="29" count="0" type="stmt"/>
        <line num="37" count="1" type="stmt"/>
        <line num="38" count="0" type="stmt"/>
        <line num="39" count="0" type="stmt"/>
        <line num="47" count="1" type="stmt"/>
        <line num="48" count="0" type="stmt"/>
        <line num="90" count="1" type="cond" truecount="1" falsecount="1"/>
        <line num="91" count="0" type="stmt"/>
        <line num="94" count="1" type="cond" truecount="1" falsecount="1"/>
        <line num="95" count="0" type="stmt"/>
        <line num="98" count="1" type="cond" truecount="1" falsecount="1"/>
        <line num="99" count="1" type="stmt"/>
        <line num="102" count="0" type="stmt"/>
      </file>
      <file name="CryptoSummaryTableBodyEmpty.tsx" path="/Users/cklfish/Projects/coingecko/routes/CryptoSummary/CryptoSummaryTableBodyEmpty.tsx">
        <metrics statements="5" coveredstatements="5" conditionals="0" coveredconditionals="0" methods="1" coveredmethods="1"/>
        <line num="7" count="1" type="stmt"/>
        <line num="8" count="1" type="stmt"/>
        <line num="9" count="1" type="stmt"/>
        <line num="11" count="1" type="stmt"/>
        <line num="27" count="1" type="stmt"/>
      </file>
      <file name="index.tsx" path="/Users/cklfish/Projects/coingecko/routes/CryptoSummary/index.tsx">
        <metrics statements="0" coveredstatements="0" conditionals="0" coveredconditionals="0" methods="0" coveredmethods="0"/>
      </file>
    </package>
    <package name="coingecko.routes.CryptoTrend">
      <metrics statements="16" coveredstatements="2" conditionals="8" coveredconditionals="0" methods="6" coveredmethods="0"/>
      <file name="CryptoTrend.tsx" path="/Users/cklfish/Projects/coingecko/routes/CryptoTrend/CryptoTrend.tsx">
        <metrics statements="16" coveredstatements="2" conditionals="8" coveredconditionals="0" methods="6" coveredmethods="0"/>
        <line num="12" count="1" type="stmt"/>
        <line num="16" count="0" type="stmt"/>
        <line num="17" count="0" type="stmt"/>
        <line num="19" count="0" type="stmt"/>
        <line num="20" count="0" type="stmt"/>
        <line num="25" count="0" type="stmt"/>
        <line num="26" count="0" type="stmt"/>
        <line num="29" count="0" type="stmt"/>
        <line num="30" count="0" type="stmt"/>
        <line num="41" count="0" type="cond" truecount="0" falsecount="2"/>
        <line num="42" count="0" type="stmt"/>
        <line num="45" count="0" type="cond" truecount="0" falsecount="2"/>
        <line num="46" count="0" type="stmt"/>
        <line num="50" count="0" type="cond" truecount="0" falsecount="4"/>
        <line num="55" count="0" type="stmt"/>
        <line num="60" count="1" type="stmt"/>
      </file>
      <file name="index.tsx" path="/Users/cklfish/Projects/coingecko/routes/CryptoTrend/index.tsx">
        <metrics statements="0" coveredstatements="0" conditionals="0" coveredconditionals="0" methods="0" coveredmethods="0"/>
      </file>
    </package>
    <package name="coingecko.sagas">
      <metrics statements="30" coveredstatements="9" conditionals="4" coveredconditionals="0" methods="11" coveredmethods="5"/>
      <file name="crypto.saga.ts" path="/Users/cklfish/Projects/coingecko/sagas/crypto.saga.ts">
        <metrics statements="6" coveredstatements="1" conditionals="2" coveredconditionals="0" methods="2" coveredmethods="1"/>
        <line num="11" count="0" type="stmt"/>
        <line num="12" count="0" type="cond" truecount="0" falsecount="2"/>
        <line num="13" count="0" type="stmt"/>
        <line num="17" count="0" type="stmt"/>
        <line num="25" count="0" type="stmt"/>
        <line num="33" count="1" type="stmt"/>
      </file>
      <file name="index.ts" path="/Users/cklfish/Projects/coingecko/sagas/index.ts">
        <metrics statements="0" coveredstatements="0" conditionals="0" coveredconditionals="0" methods="0" coveredmethods="0"/>
      </file>
      <file name="market.saga.ts" path="/Users/cklfish/Projects/coingecko/sagas/market.saga.ts">
        <metrics statements="5" coveredstatements="1" conditionals="0" coveredconditionals="0" methods="2" coveredmethods="1"/>
        <line num="9" count="0" type="stmt"/>
        <line num="10" count="0" type="stmt"/>
        <line num="13" count="0" type="stmt"/>
        <line num="28" count="0" type="stmt"/>
        <line num="36" count="1" type="stmt"/>
      </file>
      <file name="preference.saga.ts" path="/Users/cklfish/Projects/coingecko/sagas/preference.saga.ts">
        <metrics statements="10" coveredstatements="2" conditionals="2" coveredconditionals="0" methods="4" coveredmethods="1"/>
        <line num="8" count="0" type="stmt"/>
        <line num="9" count="0" type="cond" truecount="0" falsecount="2"/>
        <line num="10" count="0" type="stmt"/>
        <line num="15" count="0" type="stmt"/>
        <line num="23" count="0" type="stmt"/>
        <line num="25" count="0" type="stmt"/>
        <line num="26" count="0" type="stmt"/>
        <line num="29" count="0" type="stmt"/>
        <line num="36" count="1" type="stmt"/>
        <line num="37" count="1" type="stmt"/>
      </file>
      <file name="saga.ts" path="/Users/cklfish/Projects/coingecko/sagas/saga.ts">
        <metrics statements="4" coveredstatements="4" conditionals="0" coveredconditionals="0" methods="1" coveredmethods="1"/>
        <line num="9" count="1" type="stmt"/>
        <line num="10" count="1" type="stmt"/>
        <line num="11" count="1" type="stmt"/>
        <line num="12" count="1" type="stmt"/>
      </file>
      <file name="trend.saga.ts" path="/Users/cklfish/Projects/coingecko/sagas/trend.saga.ts">
        <metrics statements="5" coveredstatements="1" conditionals="0" coveredconditionals="0" methods="2" coveredmethods="1"/>
        <line num="9" count="0" type="stmt"/>
        <line num="12" count="0" type="stmt"/>
        <line num="14" count="0" type="stmt"/>
        <line num="19" count="0" type="stmt"/>
        <line num="27" count="1" type="stmt"/>
      </file>
    </package>
    <package name="coingecko.store">
      <metrics statements="6" coveredstatements="6" conditionals="0" coveredconditionals="0" methods="0" coveredmethods="0"/>
      <file name="index.ts" path="/Users/cklfish/Projects/coingecko/store/index.ts">
        <metrics statements="6" coveredstatements="6" conditionals="0" coveredconditionals="0" methods="0" coveredmethods="0"/>
        <line num="20" count="1" type="stmt"/>
        <line num="22" count="1" type="stmt"/>
        <line num="24" count="1" type="stmt"/>
        <line num="38" count="1" type="stmt"/>
        <line num="43" count="1" type="stmt"/>
        <line num="45" count="1" type="stmt"/>
      </file>
    </package>
    <package name="coingecko.theme">
      <metrics statements="1" coveredstatements="1" conditionals="0" coveredconditionals="0" methods="0" coveredmethods="0"/>
      <file name="light.theme.ts" path="/Users/cklfish/Projects/coingecko/theme/light.theme.ts">
        <metrics statements="1" coveredstatements="1" conditionals="0" coveredconditionals="0" methods="0" coveredmethods="0"/>
        <line num="3" count="3" type="stmt"/>
      </file>
    </package>
  </project>
</coverage>
