{"/Users/cklfish/Projects/coingecko/App.tsx": {"path":"/Users/cklfish/Projects/coingecko/App.tsx","statementMap":{"0":{"start":{"line":27,"column":12},"end":{"line":40,"column":1}},"1":{"start":{"line":30,"column":2},"end":{"line":39,"column":4}},"2":{"start":{"line":42,"column":15},"end":{"line":47,"column":2}}},"fnMap":{"0":{"name":"(anonymous_0)","decl":{"start":{"line":27,"column":12},"end":{"line":27,"column":13}},"loc":{"start":{"line":27,"column":18},"end":{"line":40,"column":1}},"line":27}},"branchMap":{},"s":{"0":1,"1":1,"2":1},"f":{"0":1},"b":{},"_coverageSchema":"1a1c01bbd47fc00a2c39e90264f33305004495a9","hash":"9a404c5d26d0a5d6fcb1fe96a412585fb6184924"}
,"/Users/cklfish/Projects/coingecko/i18n.tsx": {"path":"/Users/cklfish/Projects/coingecko/i18n.tsx","statementMap":{"0":{"start":{"line":6,"column":0},"end":{"line":22,"column":5}}},"fnMap":{},"branchMap":{},"s":{"0":1},"f":{},"b":{},"_coverageSchema":"1a1c01bbd47fc00a2c39e90264f33305004495a9","hash":"0956beb7a3a48ae3fdd4620630fb43f22f706280"}
,"/Users/cklfish/Projects/coingecko/wdyr.ts": {"path":"/Users/cklfish/Projects/coingecko/wdyr.ts","statementMap":{"0":{"start":{"line":5,"column":0},"end":{"line":10,"column":1}},"1":{"start":{"line":6,"column":26},"end":{"line":6,"column":74}},"2":{"start":{"line":7,"column":2},"end":{"line":9,"column":5}}},"fnMap":{},"branchMap":{"0":{"loc":{"start":{"line":5,"column":0},"end":{"line":10,"column":1}},"type":"if","locations":[{"start":{"line":5,"column":0},"end":{"line":10,"column":1}},{"start":{},"end":{}}],"line":5}},"s":{"0":1,"1":0,"2":0},"f":{},"b":{"0":[0,1]},"_coverageSchema":"1a1c01bbd47fc00a2c39e90264f33305004495a9","hash":"052e8c53c9902c599ba8043cdb26507e090a6d1a"}
,"/Users/cklfish/Projects/coingecko/Utils/NumberUtil.ts": {"path":"/Users/cklfish/Projects/coingecko/Utils/NumberUtil.ts","statementMap":{"0":{"start":{"line":3,"column":4},"end":{"line":3,"column":61}}},"fnMap":{"0":{"name":"(anonymous_0)","decl":{"start":{"line":2,"column":2},"end":{"line":2,"column":3}},"loc":{"start":{"line":2,"column":56},"end":{"line":4,"column":3}},"line":2}},"branchMap":{},"s":{"0":27},"f":{"0":27},"b":{},"_coverageSchema":"1a1c01bbd47fc00a2c39e90264f33305004495a9","hash":"700704a129e0d08204fe278d93b82c15ee4c88f0"}
,"/Users/cklfish/Projects/coingecko/Utils/TextUtil.ts": {"path":"/Users/cklfish/Projects/coingecko/Utils/TextUtil.ts","statementMap":{"0":{"start":{"line":8,"column":4},"end":{"line":8,"column":48}},"1":{"start":{"line":20,"column":4},"end":{"line":20,"column":49}}},"fnMap":{"0":{"name":"(anonymous_0)","decl":{"start":{"line":4,"column":2},"end":{"line":4,"column":3}},"loc":{"start":{"line":7,"column":12},"end":{"line":9,"column":3}},"line":7},"1":{"name":"(anonymous_1)","decl":{"start":{"line":11,"column":2},"end":{"line":11,"column":3}},"loc":{"start":{"line":19,"column":12},"end":{"line":21,"column":3}},"line":19}},"branchMap":{"0":{"loc":{"start":{"line":6,"column":4},"end":{"line":6,"column":37}},"type":"default-arg","locations":[{"start":{"line":6,"column":36},"end":{"line":6,"column":37}}],"line":6},"1":{"loc":{"start":{"line":13,"column":4},"end":{"line":13,"column":28}},"type":"default-arg","locations":[{"start":{"line":13,"column":21},"end":{"line":13,"column":28}}],"line":13},"2":{"loc":{"start":{"line":14,"column":4},"end":{"line":18,"column":5}},"type":"default-arg","locations":[{"start":{"line":14,"column":40},"end":{"line":18,"column":5}}],"line":14}},"s":{"0":6,"1":3},"f":{"0":6,"1":3},"b":{"0":[4],"1":[3],"2":[3]},"_coverageSchema":"1a1c01bbd47fc00a2c39e90264f33305004495a9","hash":"debc8f36de70c0b84cac3862834a90d1b61b1110"}
,"/Users/cklfish/Projects/coingecko/Utils/index.ts": {"path":"/Users/cklfish/Projects/coingecko/Utils/index.ts","statementMap":{},"fnMap":{},"branchMap":{},"s":{},"f":{},"b":{},"_coverageSchema":"1a1c01bbd47fc00a2c39e90264f33305004495a9","hash":"beb075018963eecd477da44e470f6c834cbcae9a"}
,"/Users/cklfish/Projects/coingecko/actions/action.ts": {"path":"/Users/cklfish/Projects/coingecko/actions/action.ts","statementMap":{"0":{"start":{"line":9,"column":21},"end":{"line":30,"column":1}},"1":{"start":{"line":32,"column":16},"end":{"line":60,"column":1}}},"fnMap":{},"branchMap":{},"s":{"0":1,"1":1},"f":{},"b":{},"_coverageSchema":"1a1c01bbd47fc00a2c39e90264f33305004495a9","hash":"331b616681fc0e3aab74ba1ff53fa6cfe0f419cf"}
,"/Users/cklfish/Projects/coingecko/actions/index.ts": {"path":"/Users/cklfish/Projects/coingecko/actions/index.ts","statementMap":{},"fnMap":{},"branchMap":{},"s":{},"f":{},"b":{},"_coverageSchema":"1a1c01bbd47fc00a2c39e90264f33305004495a9","hash":"4812e516f4ef7e0d80dddb8a22d3727146b6e506"}
,"/Users/cklfish/Projects/coingecko/apis/apis.ts": {"path":"/Users/cklfish/Projects/coingecko/apis/apis.ts","statementMap":{"0":{"start":{"line":20,"column":31},"end":{"line":25,"column":1}},"1":{"start":{"line":21,"column":2},"end":{"line":23,"column":3}},"2":{"start":{"line":22,"column":4},"end":{"line":22,"column":29}},"3":{"start":{"line":24,"column":2},"end":{"line":24,"column":16}},"4":{"start":{"line":27,"column":30},"end":{"line":37,"column":1}},"5":{"start":{"line":28,"column":2},"end":{"line":30,"column":3}},"6":{"start":{"line":29,"column":4},"end":{"line":29,"column":14}},"7":{"start":{"line":31,"column":2},"end":{"line":36,"column":4}},"8":{"start":{"line":34,"column":22},"end":{"line":34,"column":68}},"9":{"start":{"line":40,"column":50},"end":{"line":42,"column":4}},"10":{"start":{"line":43,"column":33},"end":{"line":43,"column":34}},"11":{"start":{"line":44,"column":31},"end":{"line":44,"column":32}},"12":{"start":{"line":57,"column":33},"end":{"line":73,"column":3}},"13":{"start":{"line":58,"column":26},"end":{"line":61,"column":5}},"14":{"start":{"line":63,"column":4},"end":{"line":70,"column":5}},"15":{"start":{"line":64,"column":6},"end":{"line":68,"column":14}},"16":{"start":{"line":72,"column":4},"end":{"line":72,"column":25}},"17":{"start":{"line":75,"column":28},"end":{"line":82,"column":3}},"18":{"start":{"line":76,"column":27},"end":{"line":79,"column":5}},"19":{"start":{"line":81,"column":4},"end":{"line":81,"column":26}},"20":{"start":{"line":84,"column":36},"end":{"line":94,"column":3}},"21":{"start":{"line":88,"column":31},"end":{"line":91,"column":5}},"22":{"start":{"line":93,"column":4},"end":{"line":93,"column":35}},"23":{"start":{"line":96,"column":26},"end":{"line":103,"column":3}},"24":{"start":{"line":97,"column":25},"end":{"line":100,"column":5}},"25":{"start":{"line":102,"column":4},"end":{"line":102,"column":29}},"26":{"start":{"line":105,"column":34},"end":{"line":110,"column":3}},"27":{"start":{"line":107,"column":6},"end":{"line":107,"column":73}},"28":{"start":{"line":109,"column":4},"end":{"line":109,"column":32}}},"fnMap":{"0":{"name":"(anonymous_0)","decl":{"start":{"line":20,"column":31},"end":{"line":20,"column":32}},"loc":{"start":{"line":20,"column":48},"end":{"line":25,"column":1}},"line":20},"1":{"name":"(anonymous_1)","decl":{"start":{"line":27,"column":30},"end":{"line":27,"column":31}},"loc":{"start":{"line":27,"column":63},"end":{"line":37,"column":1}},"line":27},"2":{"name":"(anonymous_2)","decl":{"start":{"line":34,"column":11},"end":{"line":34,"column":12}},"loc":{"start":{"line":34,"column":22},"end":{"line":34,"column":68}},"line":34},"3":{"name":"(anonymous_3)","decl":{"start":{"line":57,"column":33},"end":{"line":57,"column":34}},"loc":{"start":{"line":57,"column":66},"end":{"line":73,"column":3}},"line":57},"4":{"name":"(anonymous_4)","decl":{"start":{"line":75,"column":28},"end":{"line":75,"column":29}},"loc":{"start":{"line":75,"column":40},"end":{"line":82,"column":3}},"line":75},"5":{"name":"(anonymous_5)","decl":{"start":{"line":84,"column":36},"end":{"line":84,"column":37}},"loc":{"start":{"line":87,"column":7},"end":{"line":94,"column":3}},"line":87},"6":{"name":"(anonymous_6)","decl":{"start":{"line":96,"column":26},"end":{"line":96,"column":27}},"loc":{"start":{"line":96,"column":79},"end":{"line":103,"column":3}},"line":96},"7":{"name":"(anonymous_7)","decl":{"start":{"line":105,"column":34},"end":{"line":105,"column":35}},"loc":{"start":{"line":105,"column":46},"end":{"line":110,"column":3}},"line":105}},"branchMap":{"0":{"loc":{"start":{"line":21,"column":2},"end":{"line":23,"column":3}},"type":"if","locations":[{"start":{"line":21,"column":2},"end":{"line":23,"column":3}},{"start":{},"end":{}}],"line":21},"1":{"loc":{"start":{"line":28,"column":2},"end":{"line":30,"column":3}},"type":"if","locations":[{"start":{"line":28,"column":2},"end":{"line":30,"column":3}},{"start":{},"end":{}}],"line":28},"2":{"loc":{"start":{"line":28,"column":6},"end":{"line":28,"column":51}},"type":"binary-expr","locations":[{"start":{"line":28,"column":6},"end":{"line":28,"column":14}},{"start":{"line":28,"column":18},"end":{"line":28,"column":51}}],"line":28},"3":{"loc":{"start":{"line":57,"column":40},"end":{"line":57,"column":61}},"type":"default-arg","locations":[{"start":{"line":57,"column":60},"end":{"line":57,"column":61}}],"line":57},"4":{"loc":{"start":{"line":63,"column":4},"end":{"line":70,"column":5}},"type":"if","locations":[{"start":{"line":63,"column":4},"end":{"line":70,"column":5}},{"start":{},"end":{}}],"line":63},"5":{"loc":{"start":{"line":63,"column":8},"end":{"line":63,"column":72}},"type":"binary-expr","locations":[{"start":{"line":63,"column":8},"end":{"line":63,"column":35}},{"start":{"line":63,"column":39},"end":{"line":63,"column":72}}],"line":63}},"s":{"0":2,"1":5,"2":2,"3":3,"4":2,"5":3,"6":1,"7":2,"8":3,"9":2,"10":2,"11":2,"12":2,"13":1,"14":1,"15":1,"16":1,"17":2,"18":1,"19":1,"20":2,"21":0,"22":0,"23":2,"24":0,"25":0,"26":2,"27":1,"28":1},"f":{"0":5,"1":3,"2":3,"3":1,"4":1,"5":0,"6":0,"7":1},"b":{"0":[2,3],"1":[1,2],"2":[3,3],"3":[0],"4":[1,0],"5":[1,1]},"_coverageSchema":"1a1c01bbd47fc00a2c39e90264f33305004495a9","hash":"9cdde4ed474782c05075f50f1a4088508fe743f2"}
,"/Users/cklfish/Projects/coingecko/components/CGAppbar/CGAppbar.tsx": {"path":"/Users/cklfish/Projects/coingecko/components/CGAppbar/CGAppbar.tsx","statementMap":{"0":{"start":{"line":6,"column":27},"end":{"line":21,"column":1}},"1":{"start":{"line":9,"column":2},"end":{"line":20,"column":4}}},"fnMap":{"0":{"name":"(anonymous_0)","decl":{"start":{"line":6,"column":27},"end":{"line":6,"column":28}},"loc":{"start":{"line":6,"column":33},"end":{"line":21,"column":1}},"line":6}},"branchMap":{},"s":{"0":2,"1":2},"f":{"0":2},"b":{},"_coverageSchema":"1a1c01bbd47fc00a2c39e90264f33305004495a9","hash":"c7366abeba2a8671583b19825ef2f8c21b04e0f2"}
,"/Users/cklfish/Projects/coingecko/components/CGAppbar/index.tsx": {"path":"/Users/cklfish/Projects/coingecko/components/CGAppbar/index.tsx","statementMap":{},"fnMap":{},"branchMap":{},"s":{},"f":{},"b":{},"_coverageSchema":"1a1c01bbd47fc00a2c39e90264f33305004495a9","hash":"4607b695f7905ba59d57fc9bab36046d777196e5"}
,"/Users/cklfish/Projects/coingecko/components/CGColorText/CGColorText.tsx": {"path":"/Users/cklfish/Projects/coingecko/components/CGColorText/CGColorText.tsx","statementMap":{"0":{"start":{"line":13,"column":44},"end":{"line":29,"column":1}},"1":{"start":{"line":14,"column":53},"end":{"line":14,"column":58}},"2":{"start":{"line":15,"column":19},"end":{"line":15,"column":29}},"3":{"start":{"line":17,"column":2},"end":{"line":28,"column":4}}},"fnMap":{"0":{"name":"(anonymous_0)","decl":{"start":{"line":13,"column":44},"end":{"line":13,"column":45}},"loc":{"start":{"line":13,"column":53},"end":{"line":29,"column":1}},"line":13}},"branchMap":{"0":{"loc":{"start":{"line":14,"column":16},"end":{"line":14,"column":29}},"type":"default-arg","locations":[{"start":{"line":14,"column":26},"end":{"line":14,"column":29}}],"line":14},"1":{"loc":{"start":{"line":14,"column":31},"end":{"line":14,"column":42}},"type":"default-arg","locations":[{"start":{"line":14,"column":40},"end":{"line":14,"column":42}}],"line":14},"2":{"loc":{"start":{"line":22,"column":12},"end":{"line":22,"column":79}},"type":"cond-expr","locations":[{"start":{"line":22,"column":24},"end":{"line":22,"column":33}},{"start":{"line":22,"column":36},"end":{"line":22,"column":79}}],"line":22},"3":{"loc":{"start":{"line":22,"column":36},"end":{"line":22,"column":79}},"type":"cond-expr","locations":[{"start":{"line":22,"column":50},"end":{"line":22,"column":65}},{"start":{"line":22,"column":68},"end":{"line":22,"column":79}}],"line":22}},"s":{"0":4,"1":4,"2":4,"3":4},"f":{"0":4},"b":{"0":[3],"1":[4],"2":[3,1],"3":[1,0]},"_coverageSchema":"1a1c01bbd47fc00a2c39e90264f33305004495a9","hash":"a694c29251f0c81485cd93b4e76fcd7006d5c80f"}
,"/Users/cklfish/Projects/coingecko/components/CGColorText/index.tsx": {"path":"/Users/cklfish/Projects/coingecko/components/CGColorText/index.tsx","statementMap":{},"fnMap":{},"branchMap":{},"s":{},"f":{},"b":{},"_coverageSchema":"1a1c01bbd47fc00a2c39e90264f33305004495a9","hash":"0a16ca2c8f96e147c59e832b6570ff9d3ae16785"}
,"/Users/cklfish/Projects/coingecko/components/CGDataRow/CGDataRow.tsx": {"path":"/Users/cklfish/Projects/coingecko/components/CGDataRow/CGDataRow.tsx","statementMap":{"0":{"start":{"line":33,"column":42},"end":{"line":76,"column":1}},"1":{"start":{"line":34,"column":72},"end":{"line":34,"column":77}},"2":{"start":{"line":36,"column":2},"end":{"line":75,"column":4}},"3":{"start":{"line":39,"column":50},"end":{"line":39,"column":53}},"4":{"start":{"line":40,"column":8},"end":{"line":72,"column":9}},"5":{"start":{"line":42,"column":12},"end":{"line":46,"column":14}},"6":{"start":{"line":48,"column":12},"end":{"line":52,"column":14}},"7":{"start":{"line":54,"column":12},"end":{"line":58,"column":14}},"8":{"start":{"line":60,"column":12},"end":{"line":64,"column":14}},"9":{"start":{"line":67,"column":12},"end":{"line":71,"column":14}},"10":{"start":{"line":78,"column":15},"end":{"line":83,"column":2}}},"fnMap":{"0":{"name":"(anonymous_0)","decl":{"start":{"line":33,"column":42},"end":{"line":33,"column":43}},"loc":{"start":{"line":33,"column":51},"end":{"line":76,"column":1}},"line":33},"1":{"name":"(anonymous_1)","decl":{"start":{"line":38,"column":19},"end":{"line":38,"column":20}},"loc":{"start":{"line":38,"column":35},"end":{"line":73,"column":7}},"line":38}},"branchMap":{"0":{"loc":{"start":{"line":34,"column":44},"end":{"line":34,"column":68}},"type":"default-arg","locations":[{"start":{"line":34,"column":57},"end":{"line":34,"column":68}}],"line":34},"1":{"loc":{"start":{"line":40,"column":8},"end":{"line":72,"column":9}},"type":"switch","locations":[{"start":{"line":41,"column":10},"end":{"line":46,"column":14}},{"start":{"line":47,"column":10},"end":{"line":52,"column":14}},{"start":{"line":53,"column":10},"end":{"line":58,"column":14}},{"start":{"line":59,"column":10},"end":{"line":64,"column":14}},{"start":{"line":65,"column":10},"end":{"line":65,"column":38}},{"start":{"line":66,"column":10},"end":{"line":71,"column":14}}],"line":40}},"s":{"0":2,"1":3,"2":3,"3":5,"4":5,"5":1,"6":1,"7":1,"8":1,"9":1,"10":2},"f":{"0":3,"1":5},"b":{"0":[3],"1":[1,1,1,1,1,1]},"_coverageSchema":"1a1c01bbd47fc00a2c39e90264f33305004495a9","hash":"31123ee529becc531efae4368ee7ac80a0a6da17"}
,"/Users/cklfish/Projects/coingecko/components/CGDataRow/index.tsx": {"path":"/Users/cklfish/Projects/coingecko/components/CGDataRow/index.tsx","statementMap":{},"fnMap":{},"branchMap":{},"s":{},"f":{},"b":{},"_coverageSchema":"1a1c01bbd47fc00a2c39e90264f33305004495a9","hash":"e0ad2c0c2e09c4d32fc23d6ac90076fd8c928a74"}
,"/Users/cklfish/Projects/coingecko/components/CGError/CGError.tsx": {"path":"/Users/cklfish/Projects/coingecko/components/CGError/CGError.tsx","statementMap":{"0":{"start":{"line":10,"column":33},"end":{"line":28,"column":1}},"1":{"start":{"line":11,"column":33},"end":{"line":11,"column":38}},"2":{"start":{"line":12,"column":14},"end":{"line":12,"column":30}},"3":{"start":{"line":14,"column":18},"end":{"line":18,"column":19}},"4":{"start":{"line":15,"column":4},"end":{"line":17,"column":5}},"5":{"start":{"line":16,"column":6},"end":{"line":16,"column":20}},"6":{"start":{"line":20,"column":2},"end":{"line":27,"column":4}},"7":{"start":{"line":30,"column":15},"end":{"line":43,"column":2}}},"fnMap":{"0":{"name":"(anonymous_0)","decl":{"start":{"line":10,"column":33},"end":{"line":10,"column":34}},"loc":{"start":{"line":10,"column":42},"end":{"line":28,"column":1}},"line":10},"1":{"name":"(anonymous_1)","decl":{"start":{"line":14,"column":30},"end":{"line":14,"column":31}},"loc":{"start":{"line":14,"column":36},"end":{"line":18,"column":3}},"line":14}},"branchMap":{"0":{"loc":{"start":{"line":15,"column":4},"end":{"line":17,"column":5}},"type":"if","locations":[{"start":{"line":15,"column":4},"end":{"line":17,"column":5}},{"start":{},"end":{}}],"line":15}},"s":{"0":2,"1":2,"2":2,"3":2,"4":0,"5":0,"6":2,"7":2},"f":{"0":2,"1":0},"b":{"0":[0,0]},"_coverageSchema":"1a1c01bbd47fc00a2c39e90264f33305004495a9","hash":"587721b3c070b3d89cc64afffa58be94f15c565b"}
,"/Users/cklfish/Projects/coingecko/components/CGError/index.tsx": {"path":"/Users/cklfish/Projects/coingecko/components/CGError/index.tsx","statementMap":{},"fnMap":{},"branchMap":{},"s":{},"f":{},"b":{},"_coverageSchema":"1a1c01bbd47fc00a2c39e90264f33305004495a9","hash":"44cd2c16173a153024bd4b704badde49e503dae1"}
,"/Users/cklfish/Projects/coingecko/components/CGFavouriteButton/CGFavouriteButton.tsx": {"path":"/Users/cklfish/Projects/coingecko/components/CGFavouriteButton/CGFavouriteButton.tsx","statementMap":{"0":{"start":{"line":14,"column":58},"end":{"line":58,"column":1}},"1":{"start":{"line":21,"column":6},"end":{"line":21,"column":11}},"2":{"start":{"line":22,"column":19},"end":{"line":22,"column":29}},"3":{"start":{"line":24,"column":32},"end":{"line":31,"column":3}},"4":{"start":{"line":26,"column":6},"end":{"line":28,"column":7}},"5":{"start":{"line":27,"column":8},"end":{"line":27,"column":41}},"6":{"start":{"line":33,"column":33},"end":{"line":40,"column":3}},"7":{"start":{"line":35,"column":6},"end":{"line":37,"column":7}},"8":{"start":{"line":36,"column":8},"end":{"line":36,"column":42}},"9":{"start":{"line":42,"column":2},"end":{"line":57,"column":4}}},"fnMap":{"0":{"name":"(anonymous_0)","decl":{"start":{"line":14,"column":58},"end":{"line":14,"column":59}},"loc":{"start":{"line":14,"column":67},"end":{"line":58,"column":1}},"line":14},"1":{"name":"(anonymous_1)","decl":{"start":{"line":25,"column":4},"end":{"line":25,"column":5}},"loc":{"start":{"line":25,"column":38},"end":{"line":29,"column":5}},"line":25},"2":{"name":"(anonymous_2)","decl":{"start":{"line":34,"column":4},"end":{"line":34,"column":5}},"loc":{"start":{"line":34,"column":38},"end":{"line":38,"column":5}},"line":34}},"branchMap":{"0":{"loc":{"start":{"line":26,"column":6},"end":{"line":28,"column":7}},"type":"if","locations":[{"start":{"line":26,"column":6},"end":{"line":28,"column":7}},{"start":{},"end":{}}],"line":26},"1":{"loc":{"start":{"line":35,"column":6},"end":{"line":37,"column":7}},"type":"if","locations":[{"start":{"line":35,"column":6},"end":{"line":37,"column":7}},{"start":{},"end":{}}],"line":35},"2":{"loc":{"start":{"line":42,"column":9},"end":{"line":57,"column":3}},"type":"cond-expr","locations":[{"start":{"line":43,"column":4},"end":{"line":49,"column":6}},{"start":{"line":51,"column":4},"end":{"line":56,"column":6}}],"line":42}},"s":{"0":3,"1":4,"2":4,"3":4,"4":0,"5":0,"6":4,"7":0,"8":0,"9":4},"f":{"0":4,"1":0,"2":0},"b":{"0":[0,0],"1":[0,0],"2":[1,3]},"_coverageSchema":"1a1c01bbd47fc00a2c39e90264f33305004495a9","hash":"c79a6b52f0d9a184698f50798781224bc63fe4c3"}
,"/Users/cklfish/Projects/coingecko/components/CGFavouriteButton/index.tsx": {"path":"/Users/cklfish/Projects/coingecko/components/CGFavouriteButton/index.tsx","statementMap":{},"fnMap":{},"branchMap":{},"s":{},"f":{},"b":{},"_coverageSchema":"1a1c01bbd47fc00a2c39e90264f33305004495a9","hash":"395d64bf933794d359d6bdfebb06458d20121005"}
,"/Users/cklfish/Projects/coingecko/components/CGGlobalMarket/CGGlobalMarket.tsx": {"path":"/Users/cklfish/Projects/coingecko/components/CGGlobalMarket/CGGlobalMarket.tsx","statementMap":{"0":{"start":{"line":34,"column":48},"end":{"line":42,"column":1}},"1":{"start":{"line":39,"column":26},"end":{"line":39,"column":58}},"2":{"start":{"line":44,"column":54},"end":{"line":140,"column":1}},"3":{"start":{"line":56,"column":6},"end":{"line":56,"column":11}},"4":{"start":{"line":57,"column":44},"end":{"line":57,"column":79}},"5":{"start":{"line":58,"column":14},"end":{"line":58,"column":30}},"6":{"start":{"line":60,"column":2},"end":{"line":139,"column":4}},"7":{"start":{"line":68,"column":14},"end":{"line":68,"column":74}},"8":{"start":{"line":77,"column":14},"end":{"line":77,"column":74}},"9":{"start":{"line":88,"column":14},"end":{"line":88,"column":73}},"10":{"start":{"line":97,"column":14},"end":{"line":97,"column":71}},"11":{"start":{"line":110,"column":22},"end":{"line":110,"column":76}},"12":{"start":{"line":112,"column":12},"end":{"line":116,"column":13}},"13":{"start":{"line":142,"column":15},"end":{"line":155,"column":2}}},"fnMap":{"0":{"name":"(anonymous_0)","decl":{"start":{"line":39,"column":9},"end":{"line":39,"column":10}},"loc":{"start":{"line":39,"column":26},"end":{"line":39,"column":58}},"line":39},"1":{"name":"(anonymous_1)","decl":{"start":{"line":44,"column":54},"end":{"line":44,"column":55}},"loc":{"start":{"line":44,"column":63},"end":{"line":140,"column":1}},"line":44},"2":{"name":"(anonymous_2)","decl":{"start":{"line":67,"column":18},"end":{"line":67,"column":19}},"loc":{"start":{"line":68,"column":14},"end":{"line":68,"column":74}},"line":68},"3":{"name":"(anonymous_3)","decl":{"start":{"line":76,"column":18},"end":{"line":76,"column":19}},"loc":{"start":{"line":77,"column":14},"end":{"line":77,"column":74}},"line":77},"4":{"name":"(anonymous_4)","decl":{"start":{"line":87,"column":18},"end":{"line":87,"column":19}},"loc":{"start":{"line":88,"column":14},"end":{"line":88,"column":73}},"line":88},"5":{"name":"(anonymous_5)","decl":{"start":{"line":96,"column":18},"end":{"line":96,"column":19}},"loc":{"start":{"line":97,"column":14},"end":{"line":97,"column":71}},"line":97},"6":{"name":"(anonymous_6)","decl":{"start":{"line":110,"column":16},"end":{"line":110,"column":17}},"loc":{"start":{"line":110,"column":22},"end":{"line":110,"column":76}},"line":110},"7":{"name":"(anonymous_7)","decl":{"start":{"line":111,"column":17},"end":{"line":111,"column":18}},"loc":{"start":{"line":112,"column":12},"end":{"line":116,"column":13}},"line":112}},"branchMap":{"0":{"loc":{"start":{"line":39,"column":10},"end":{"line":39,"column":21}},"type":"default-arg","locations":[{"start":{"line":39,"column":20},"end":{"line":39,"column":21}}],"line":39},"1":{"loc":{"start":{"line":54,"column":4},"end":{"line":54,"column":21}},"type":"default-arg","locations":[{"start":{"line":54,"column":19},"end":{"line":54,"column":21}}],"line":54},"2":{"loc":{"start":{"line":55,"column":4},"end":{"line":55,"column":17}},"type":"default-arg","locations":[{"start":{"line":55,"column":15},"end":{"line":55,"column":17}}],"line":55},"3":{"loc":{"start":{"line":57,"column":44},"end":{"line":57,"column":79}},"type":"binary-expr","locations":[{"start":{"line":57,"column":44},"end":{"line":57,"column":73}},{"start":{"line":57,"column":77},"end":{"line":57,"column":79}}],"line":57},"4":{"loc":{"start":{"line":105,"column":12},"end":{"line":107,"column":38}},"type":"cond-expr","locations":[{"start":{"line":106,"column":16},"end":{"line":106,"column":55}},{"start":{"line":107,"column":16},"end":{"line":107,"column":38}}],"line":105},"5":{"loc":{"start":{"line":112,"column":12},"end":{"line":116,"column":13}},"type":"cond-expr","locations":[{"start":{"line":113,"column":14},"end":{"line":113,"column":64}},{"start":{"line":115,"column":14},"end":{"line":115,"column":51}}],"line":112},"6":{"loc":{"start":{"line":122,"column":9},"end":{"line":136,"column":16}},"type":"cond-expr","locations":[{"start":{"line":123,"column":10},"end":{"line":135,"column":12}},{"start":{"line":136,"column":12},"end":{"line":136,"column":16}}],"line":122}},"s":{"0":2,"1":1,"2":2,"3":1,"4":1,"5":1,"6":1,"7":1,"8":1,"9":1,"10":1,"11":1,"12":1,"13":2},"f":{"0":1,"1":1,"2":1,"3":1,"4":1,"5":1,"6":1,"7":1},"b":{"0":[0],"1":[0],"2":[0],"3":[1,1],"4":[1,0],"5":[1,0],"6":[1,0]},"_coverageSchema":"1a1c01bbd47fc00a2c39e90264f33305004495a9","hash":"30bb5caeb89004702f5f93914805907b9c915de3"}
,"/Users/cklfish/Projects/coingecko/components/CGGlobalMarket/index.tsx": {"path":"/Users/cklfish/Projects/coingecko/components/CGGlobalMarket/index.tsx","statementMap":{},"fnMap":{},"branchMap":{},"s":{},"f":{},"b":{},"_coverageSchema":"1a1c01bbd47fc00a2c39e90264f33305004495a9","hash":"da4cb98b2004b1453d63a98906f0e4f89b83ebb5"}
,"/Users/cklfish/Projects/coingecko/components/CGLoading/CGLoading.tsx": {"path":"/Users/cklfish/Projects/coingecko/components/CGLoading/CGLoading.tsx","statementMap":{"0":{"start":{"line":6,"column":28},"end":{"line":14,"column":1}},"1":{"start":{"line":7,"column":2},"end":{"line":13,"column":4}},"2":{"start":{"line":16,"column":15},"end":{"line":26,"column":2}}},"fnMap":{"0":{"name":"(anonymous_0)","decl":{"start":{"line":6,"column":28},"end":{"line":6,"column":29}},"loc":{"start":{"line":6,"column":34},"end":{"line":14,"column":1}},"line":6}},"branchMap":{},"s":{"0":1,"1":0,"2":1},"f":{"0":0},"b":{},"_coverageSchema":"1a1c01bbd47fc00a2c39e90264f33305004495a9","hash":"742941101cf4b6e5fbbd254a0565763dd9a5e024"}
,"/Users/cklfish/Projects/coingecko/components/CGLoading/CGLoadingIndicator.tsx": {"path":"/Users/cklfish/Projects/coingecko/components/CGLoading/CGLoadingIndicator.tsx","statementMap":{"0":{"start":{"line":9,"column":60},"end":{"line":11,"column":1}},"1":{"start":{"line":10,"column":2},"end":{"line":10,"column":57}}},"fnMap":{"0":{"name":"(anonymous_0)","decl":{"start":{"line":9,"column":60},"end":{"line":9,"column":61}},"loc":{"start":{"line":9,"column":69},"end":{"line":11,"column":1}},"line":9}},"branchMap":{},"s":{"0":1,"1":0},"f":{"0":0},"b":{},"_coverageSchema":"1a1c01bbd47fc00a2c39e90264f33305004495a9","hash":"04178bbb28e405cf6ef3fdfec83c1a34a25a7edc"}
,"/Users/cklfish/Projects/coingecko/components/CGLoading/index.tsx": {"path":"/Users/cklfish/Projects/coingecko/components/CGLoading/index.tsx","statementMap":{},"fnMap":{},"branchMap":{},"s":{},"f":{},"b":{},"_coverageSchema":"1a1c01bbd47fc00a2c39e90264f33305004495a9","hash":"5dd29c0af2f5ded8fa3dfb9a029d3f416e1b9c9c"}
,"/Users/cklfish/Projects/coingecko/components/CGPagination/CGPagination.tsx": {"path":"/Users/cklfish/Projects/coingecko/components/CGPagination/CGPagination.tsx","statementMap":{"0":{"start":{"line":11,"column":50},"end":{"line":68,"column":1}},"1":{"start":{"line":12,"column":58},"end":{"line":12,"column":63}},"2":{"start":{"line":14,"column":23},"end":{"line":21,"column":3}},"3":{"start":{"line":16,"column":6},"end":{"line":18,"column":7}},"4":{"start":{"line":17,"column":8},"end":{"line":17,"column":34}},"5":{"start":{"line":23,"column":28},"end":{"line":25,"column":20}},"6":{"start":{"line":24,"column":4},"end":{"line":24,"column":20}},"7":{"start":{"line":27,"column":27},"end":{"line":31,"column":26}},"8":{"start":{"line":28,"column":4},"end":{"line":30,"column":5}},"9":{"start":{"line":29,"column":6},"end":{"line":29,"column":29}},"10":{"start":{"line":33,"column":25},"end":{"line":37,"column":35}},"11":{"start":{"line":34,"column":4},"end":{"line":36,"column":5}},"12":{"start":{"line":35,"column":6},"end":{"line":35,"column":29}},"13":{"start":{"line":39,"column":25},"end":{"line":41,"column":29}},"14":{"start":{"line":40,"column":4},"end":{"line":40,"column":26}},"15":{"start":{"line":43,"column":2},"end":{"line":67,"column":11}},"16":{"start":{"line":70,"column":15},"end":{"line":80,"column":2}}},"fnMap":{"0":{"name":"(anonymous_0)","decl":{"start":{"line":11,"column":50},"end":{"line":11,"column":51}},"loc":{"start":{"line":11,"column":59},"end":{"line":68,"column":1}},"line":11},"1":{"name":"(anonymous_1)","decl":{"start":{"line":15,"column":4},"end":{"line":15,"column":5}},"loc":{"start":{"line":15,"column":25},"end":{"line":19,"column":5}},"line":15},"2":{"name":"(anonymous_2)","decl":{"start":{"line":23,"column":40},"end":{"line":23,"column":41}},"loc":{"start":{"line":23,"column":46},"end":{"line":25,"column":3}},"line":23},"3":{"name":"(anonymous_3)","decl":{"start":{"line":27,"column":39},"end":{"line":27,"column":40}},"loc":{"start":{"line":27,"column":45},"end":{"line":31,"column":3}},"line":27},"4":{"name":"(anonymous_4)","decl":{"start":{"line":33,"column":37},"end":{"line":33,"column":38}},"loc":{"start":{"line":33,"column":43},"end":{"line":37,"column":3}},"line":33},"5":{"name":"(anonymous_5)","decl":{"start":{"line":39,"column":37},"end":{"line":39,"column":38}},"loc":{"start":{"line":39,"column":43},"end":{"line":41,"column":3}},"line":39}},"branchMap":{"0":{"loc":{"start":{"line":16,"column":6},"end":{"line":18,"column":7}},"type":"if","locations":[{"start":{"line":16,"column":6},"end":{"line":18,"column":7}},{"start":{},"end":{}}],"line":16},"1":{"loc":{"start":{"line":28,"column":4},"end":{"line":30,"column":5}},"type":"if","locations":[{"start":{"line":28,"column":4},"end":{"line":30,"column":5}},{"start":{},"end":{}}],"line":28},"2":{"loc":{"start":{"line":34,"column":4},"end":{"line":36,"column":5}},"type":"if","locations":[{"start":{"line":34,"column":4},"end":{"line":36,"column":5}},{"start":{},"end":{}}],"line":34},"3":{"loc":{"start":{"line":43,"column":9},"end":{"line":67,"column":10}},"type":"cond-expr","locations":[{"start":{"line":44,"column":4},"end":{"line":66,"column":11}},{"start":{"line":67,"column":6},"end":{"line":67,"column":10}}],"line":43}},"s":{"0":1,"1":1,"2":1,"3":0,"4":0,"5":1,"6":0,"7":1,"8":0,"9":0,"10":1,"11":0,"12":0,"13":1,"14":0,"15":1,"16":1},"f":{"0":1,"1":0,"2":0,"3":0,"4":0,"5":0},"b":{"0":[0,0],"1":[0,0],"2":[0,0],"3":[0,1]},"_coverageSchema":"1a1c01bbd47fc00a2c39e90264f33305004495a9","hash":"538ce9538a802e7b1a7540b141ad7d30ccfcde37"}
,"/Users/cklfish/Projects/coingecko/components/CGTrendCard/CGTrendCard.tsx": {"path":"/Users/cklfish/Projects/coingecko/components/CGTrendCard/CGTrendCard.tsx","statementMap":{"0":{"start":{"line":22,"column":46},"end":{"line":113,"column":1}},"1":{"start":{"line":23,"column":57},"end":{"line":23,"column":62}},"2":{"start":{"line":24,"column":44},"end":{"line":24,"column":60}},"3":{"start":{"line":25,"column":38},"end":{"line":31,"column":4}},"4":{"start":{"line":30,"column":42},"end":{"line":30,"column":51}},"5":{"start":{"line":32,"column":32},"end":{"line":32,"column":43}},"6":{"start":{"line":33,"column":14},"end":{"line":33,"column":30}},"7":{"start":{"line":35,"column":2},"end":{"line":49,"column":11}},"8":{"start":{"line":36,"column":4},"end":{"line":45,"column":6}},"9":{"start":{"line":38,"column":26},"end":{"line":38,"column":64}},"10":{"start":{"line":38,"column":56},"end":{"line":38,"column":63}},"11":{"start":{"line":39,"column":25},"end":{"line":39,"column":68}},"12":{"start":{"line":39,"column":55},"end":{"line":39,"column":67}},"13":{"start":{"line":40,"column":8},"end":{"line":43,"column":11}},"14":{"start":{"line":46,"column":4},"end":{"line":48,"column":7}},"15":{"start":{"line":47,"column":6},"end":{"line":47,"column":67}},"16":{"start":{"line":51,"column":20},"end":{"line":51,"column":45}},"17":{"start":{"line":53,"column":2},"end":{"line":112,"column":4}},"18":{"start":{"line":86,"column":16},"end":{"line":90,"column":48}},"19":{"start":{"line":91,"column":43},"end":{"line":91,"column":76}},"20":{"start":{"line":115,"column":15},"end":{"line":137,"column":2}}},"fnMap":{"0":{"name":"(anonymous_0)","decl":{"start":{"line":22,"column":46},"end":{"line":22,"column":47}},"loc":{"start":{"line":22,"column":55},"end":{"line":113,"column":1}},"line":22},"1":{"name":"(anonymous_1)","decl":{"start":{"line":30,"column":34},"end":{"line":30,"column":35}},"loc":{"start":{"line":30,"column":42},"end":{"line":30,"column":51}},"line":30},"2":{"name":"(anonymous_2)","decl":{"start":{"line":35,"column":12},"end":{"line":35,"column":13}},"loc":{"start":{"line":35,"column":18},"end":{"line":49,"column":3}},"line":35},"3":{"name":"(anonymous_3)","decl":{"start":{"line":37,"column":6},"end":{"line":37,"column":7}},"loc":{"start":{"line":37,"column":20},"end":{"line":44,"column":7}},"line":37},"4":{"name":"(anonymous_4)","decl":{"start":{"line":38,"column":48},"end":{"line":38,"column":49}},"loc":{"start":{"line":38,"column":56},"end":{"line":38,"column":63}},"line":38},"5":{"name":"(anonymous_5)","decl":{"start":{"line":39,"column":47},"end":{"line":39,"column":48}},"loc":{"start":{"line":39,"column":55},"end":{"line":39,"column":67}},"line":39},"6":{"name":"(anonymous_6)","decl":{"start":{"line":46,"column":56},"end":{"line":46,"column":57}},"loc":{"start":{"line":46,"column":68},"end":{"line":48,"column":5}},"line":46},"7":{"name":"(anonymous_7)","decl":{"start":{"line":85,"column":21},"end":{"line":85,"column":22}},"loc":{"start":{"line":86,"column":16},"end":{"line":90,"column":48}},"line":86},"8":{"name":"(anonymous_8)","decl":{"start":{"line":91,"column":26},"end":{"line":91,"column":27}},"loc":{"start":{"line":91,"column":43},"end":{"line":91,"column":76}},"line":91}},"branchMap":{"0":{"loc":{"start":{"line":24,"column":44},"end":{"line":24,"column":60}},"type":"binary-expr","locations":[{"start":{"line":24,"column":44},"end":{"line":24,"column":54}},{"start":{"line":24,"column":58},"end":{"line":24,"column":60}}],"line":24},"1":{"loc":{"start":{"line":62,"column":11},"end":{"line":66,"column":36}},"type":"cond-expr","locations":[{"start":{"line":63,"column":14},"end":{"line":65,"column":18}},{"start":{"line":66,"column":14},"end":{"line":66,"column":36}}],"line":62},"2":{"loc":{"start":{"line":68,"column":9},"end":{"line":109,"column":16}},"type":"cond-expr","locations":[{"start":{"line":69,"column":10},"end":{"line":108,"column":12}},{"start":{"line":109,"column":12},"end":{"line":109,"column":16}}],"line":68},"3":{"loc":{"start":{"line":68,"column":9},"end":{"line":68,"column":46}},"type":"binary-expr","locations":[{"start":{"line":68,"column":9},"end":{"line":68,"column":25}},{"start":{"line":68,"column":29},"end":{"line":68,"column":46}}],"line":68},"4":{"loc":{"start":{"line":85,"column":22},"end":{"line":85,"column":33}},"type":"default-arg","locations":[{"start":{"line":85,"column":32},"end":{"line":85,"column":33}}],"line":85},"5":{"loc":{"start":{"line":86,"column":16},"end":{"line":90,"column":48}},"type":"cond-expr","locations":[{"start":{"line":87,"column":20},"end":{"line":87,"column":49}},{"start":{"line":88,"column":20},"end":{"line":90,"column":48}}],"line":86},"6":{"loc":{"start":{"line":88,"column":20},"end":{"line":90,"column":48}},"type":"cond-expr","locations":[{"start":{"line":89,"column":20},"end":{"line":89,"column":53}},{"start":{"line":90,"column":20},"end":{"line":90,"column":48}}],"line":88},"7":{"loc":{"start":{"line":91,"column":27},"end":{"line":91,"column":38}},"type":"default-arg","locations":[{"start":{"line":91,"column":37},"end":{"line":91,"column":38}}],"line":91}},"s":{"0":1,"1":0,"2":0,"3":0,"4":0,"5":0,"6":0,"7":0,"8":0,"9":0,"10":0,"11":0,"12":0,"13":0,"14":0,"15":0,"16":0,"17":0,"18":0,"19":0,"20":1},"f":{"0":0,"1":0,"2":0,"3":0,"4":0,"5":0,"6":0,"7":0,"8":0},"b":{"0":[0,0],"1":[0,0],"2":[0,0],"3":[0,0],"4":[0],"5":[0,0],"6":[0,0],"7":[0]},"_coverageSchema":"1a1c01bbd47fc00a2c39e90264f33305004495a9","hash":"359467044135c8d5f66bb821ffa3e44f98656ecc"}
,"/Users/cklfish/Projects/coingecko/components/CGTrendCard/index.ts": {"path":"/Users/cklfish/Projects/coingecko/components/CGTrendCard/index.ts","statementMap":{},"fnMap":{},"branchMap":{},"s":{},"f":{},"b":{},"_coverageSchema":"1a1c01bbd47fc00a2c39e90264f33305004495a9","hash":"06a5662d67e9c29cfa83b17f447c31b7f77be19d"}
,"/Users/cklfish/Projects/coingecko/reducers/crypto.reducer.ts": {"path":"/Users/cklfish/Projects/coingecko/reducers/crypto.reducer.ts","statementMap":{"0":{"start":{"line":16,"column":22},"end":{"line":42,"column":1}},"1":{"start":{"line":25,"column":4},"end":{"line":27,"column":7}},"2":{"start":{"line":26,"column":6},"end":{"line":26,"column":27}},"3":{"start":{"line":28,"column":4},"end":{"line":35,"column":7}},"4":{"start":{"line":29,"column":6},"end":{"line":32,"column":8}},"5":{"start":{"line":33,"column":6},"end":{"line":33,"column":45}},"6":{"start":{"line":34,"column":6},"end":{"line":34,"column":28}},"7":{"start":{"line":36,"column":4},"end":{"line":39,"column":7}},"8":{"start":{"line":37,"column":6},"end":{"line":37,"column":28}},"9":{"start":{"line":38,"column":6},"end":{"line":38,"column":35}}},"fnMap":{"0":{"name":"(anonymous_0)","decl":{"start":{"line":24,"column":2},"end":{"line":24,"column":3}},"loc":{"start":{"line":24,"column":13},"end":{"line":41,"column":3}},"line":24},"1":{"name":"(anonymous_1)","decl":{"start":{"line":25,"column":47},"end":{"line":25,"column":48}},"loc":{"start":{"line":25,"column":56},"end":{"line":27,"column":5}},"line":25},"2":{"name":"(anonymous_2)","decl":{"start":{"line":28,"column":55},"end":{"line":28,"column":56}},"loc":{"start":{"line":28,"column":74},"end":{"line":35,"column":5}},"line":28},"3":{"name":"(anonymous_3)","decl":{"start":{"line":36,"column":52},"end":{"line":36,"column":53}},"loc":{"start":{"line":36,"column":71},"end":{"line":39,"column":5}},"line":36}},"branchMap":{},"s":{"0":1,"1":1,"2":0,"3":1,"4":0,"5":0,"6":0,"7":1,"8":0,"9":0},"f":{"0":1,"1":0,"2":0,"3":0},"b":{},"_coverageSchema":"1a1c01bbd47fc00a2c39e90264f33305004495a9","hash":"384aabff4924056d16eb9276a8dd9e4ef6edb010"}
,"/Users/cklfish/Projects/coingecko/reducers/market.reducer.ts": {"path":"/Users/cklfish/Projects/coingecko/reducers/market.reducer.ts","statementMap":{"0":{"start":{"line":11,"column":22},"end":{"line":38,"column":1}},"1":{"start":{"line":16,"column":4},"end":{"line":18,"column":7}},"2":{"start":{"line":17,"column":6},"end":{"line":17,"column":27}},"3":{"start":{"line":19,"column":4},"end":{"line":31,"column":7}},"4":{"start":{"line":20,"column":6},"end":{"line":20,"column":28}},"5":{"start":{"line":21,"column":6},"end":{"line":21,"column":77}},"6":{"start":{"line":22,"column":6},"end":{"line":22,"column":51}},"7":{"start":{"line":23,"column":6},"end":{"line":24,"column":60}},"8":{"start":{"line":25,"column":6},"end":{"line":25,"column":73}},"9":{"start":{"line":26,"column":6},"end":{"line":26,"column":45}},"10":{"start":{"line":27,"column":6},"end":{"line":27,"column":55}},"11":{"start":{"line":28,"column":6},"end":{"line":28,"column":63}},"12":{"start":{"line":29,"column":6},"end":{"line":29,"column":55}},"13":{"start":{"line":30,"column":6},"end":{"line":30,"column":57}},"14":{"start":{"line":32,"column":4},"end":{"line":35,"column":7}},"15":{"start":{"line":33,"column":6},"end":{"line":33,"column":28}},"16":{"start":{"line":34,"column":6},"end":{"line":34,"column":35}}},"fnMap":{"0":{"name":"(anonymous_0)","decl":{"start":{"line":15,"column":2},"end":{"line":15,"column":3}},"loc":{"start":{"line":15,"column":13},"end":{"line":37,"column":3}},"line":15},"1":{"name":"(anonymous_1)","decl":{"start":{"line":16,"column":47},"end":{"line":16,"column":48}},"loc":{"start":{"line":16,"column":56},"end":{"line":18,"column":5}},"line":16},"2":{"name":"(anonymous_2)","decl":{"start":{"line":19,"column":55},"end":{"line":19,"column":56}},"loc":{"start":{"line":19,"column":74},"end":{"line":31,"column":5}},"line":19},"3":{"name":"(anonymous_3)","decl":{"start":{"line":32,"column":52},"end":{"line":32,"column":53}},"loc":{"start":{"line":32,"column":71},"end":{"line":35,"column":5}},"line":32}},"branchMap":{},"s":{"0":1,"1":1,"2":0,"3":1,"4":0,"5":0,"6":0,"7":0,"8":0,"9":0,"10":0,"11":0,"12":0,"13":0,"14":1,"15":0,"16":0},"f":{"0":1,"1":0,"2":0,"3":0},"b":{},"_coverageSchema":"1a1c01bbd47fc00a2c39e90264f33305004495a9","hash":"2636eb5a06f346935ebadc7134872c48223302a1"}
,"/Users/cklfish/Projects/coingecko/reducers/preference.reducer.ts": {"path":"/Users/cklfish/Projects/coingecko/reducers/preference.reducer.ts","statementMap":{"0":{"start":{"line":11,"column":30},"end":{"line":23,"column":1}},"1":{"start":{"line":18,"column":4},"end":{"line":20,"column":7}},"2":{"start":{"line":19,"column":6},"end":{"line":19,"column":48}}},"fnMap":{"0":{"name":"(anonymous_0)","decl":{"start":{"line":17,"column":2},"end":{"line":17,"column":3}},"loc":{"start":{"line":17,"column":13},"end":{"line":22,"column":3}},"line":17},"1":{"name":"(anonymous_1)","decl":{"start":{"line":18,"column":53},"end":{"line":18,"column":54}},"loc":{"start":{"line":18,"column":72},"end":{"line":20,"column":5}},"line":18}},"branchMap":{},"s":{"0":1,"1":1,"2":0},"f":{"0":1,"1":0},"b":{},"_coverageSchema":"1a1c01bbd47fc00a2c39e90264f33305004495a9","hash":"7c8baa91fea0abdf8b4be6bcaa1318b79118b380"}
,"/Users/cklfish/Projects/coingecko/reducers/trend.reducer.ts": {"path":"/Users/cklfish/Projects/coingecko/reducers/trend.reducer.ts","statementMap":{"0":{"start":{"line":12,"column":21},"end":{"line":31,"column":1}},"1":{"start":{"line":19,"column":4},"end":{"line":21,"column":7}},"2":{"start":{"line":20,"column":6},"end":{"line":20,"column":27}},"3":{"start":{"line":22,"column":4},"end":{"line":25,"column":7}},"4":{"start":{"line":23,"column":6},"end":{"line":23,"column":35}},"5":{"start":{"line":24,"column":6},"end":{"line":24,"column":28}},"6":{"start":{"line":26,"column":4},"end":{"line":29,"column":7}},"7":{"start":{"line":27,"column":6},"end":{"line":27,"column":28}},"8":{"start":{"line":28,"column":6},"end":{"line":28,"column":35}}},"fnMap":{"0":{"name":"(anonymous_0)","decl":{"start":{"line":18,"column":2},"end":{"line":18,"column":3}},"loc":{"start":{"line":18,"column":13},"end":{"line":30,"column":3}},"line":18},"1":{"name":"(anonymous_1)","decl":{"start":{"line":19,"column":46},"end":{"line":19,"column":47}},"loc":{"start":{"line":19,"column":55},"end":{"line":21,"column":5}},"line":19},"2":{"name":"(anonymous_2)","decl":{"start":{"line":22,"column":54},"end":{"line":22,"column":55}},"loc":{"start":{"line":22,"column":73},"end":{"line":25,"column":5}},"line":22},"3":{"name":"(anonymous_3)","decl":{"start":{"line":26,"column":51},"end":{"line":26,"column":52}},"loc":{"start":{"line":26,"column":70},"end":{"line":29,"column":5}},"line":26}},"branchMap":{},"s":{"0":1,"1":1,"2":0,"3":1,"4":0,"5":0,"6":1,"7":0,"8":0},"f":{"0":1,"1":0,"2":0,"3":0},"b":{},"_coverageSchema":"1a1c01bbd47fc00a2c39e90264f33305004495a9","hash":"2069767119f0c11af44611f9515a8b7cd5c5b4ad"}
,"/Users/cklfish/Projects/coingecko/routes/index.tsx": {"path":"/Users/cklfish/Projects/coingecko/routes/index.tsx","statementMap":{"0":{"start":{"line":18,"column":12},"end":{"line":18,"column":46}},"1":{"start":{"line":19,"column":13},"end":{"line":19,"column":15}},"2":{"start":{"line":27,"column":24},"end":{"line":27,"column":51}},"3":{"start":{"line":28,"column":14},"end":{"line":28,"column":30}},"4":{"start":{"line":29,"column":19},"end":{"line":29,"column":29}},"5":{"start":{"line":31,"column":18},"end":{"line":83,"column":3}},"6":{"start":{"line":39,"column":10},"end":{"line":45,"column":12}},"7":{"start":{"line":55,"column":10},"end":{"line":59,"column":12}},"8":{"start":{"line":69,"column":10},"end":{"line":69,"column":73}},"9":{"start":{"line":85,"column":2},"end":{"line":105,"column":4}},"10":{"start":{"line":94,"column":10},"end":{"line":101,"column":12}}},"fnMap":{"0":{"name":"Router","decl":{"start":{"line":26,"column":24},"end":{"line":26,"column":30}},"loc":{"start":{"line":26,"column":33},"end":{"line":106,"column":1}},"line":26},"1":{"name":"(anonymous_1)","decl":{"start":{"line":37,"column":20},"end":{"line":37,"column":21}},"loc":{"start":{"line":37,"column":60},"end":{"line":46,"column":9}},"line":37},"2":{"name":"(anonymous_2)","decl":{"start":{"line":54,"column":20},"end":{"line":54,"column":21}},"loc":{"start":{"line":55,"column":10},"end":{"line":59,"column":12}},"line":55},"3":{"name":"(anonymous_3)","decl":{"start":{"line":68,"column":20},"end":{"line":68,"column":21}},"loc":{"start":{"line":69,"column":10},"end":{"line":69,"column":73}},"line":69},"4":{"name":"(anonymous_4)","decl":{"start":{"line":93,"column":21},"end":{"line":93,"column":22}},"loc":{"start":{"line":93,"column":63},"end":{"line":102,"column":9}},"line":93}},"branchMap":{},"s":{"0":1,"1":1,"2":1,"3":1,"4":1,"5":1,"6":2,"7":2,"8":2,"9":1,"10":3},"f":{"0":1,"1":2,"2":2,"3":2,"4":3},"b":{},"_coverageSchema":"1a1c01bbd47fc00a2c39e90264f33305004495a9","hash":"c9348cf547a89d5ccfd368b03a0e9e697a957ee8"}
,"/Users/cklfish/Projects/coingecko/routes/CryptoGlobalMarket/CryptoGlobalMarket.tsx": {"path":"/Users/cklfish/Projects/coingecko/routes/CryptoGlobalMarket/CryptoGlobalMarket.tsx","statementMap":{"0":{"start":{"line":15,"column":37},"end":{"line":92,"column":1}},"1":{"start":{"line":16,"column":19},"end":{"line":16,"column":29}},"2":{"start":{"line":17,"column":19},"end":{"line":17,"column":32}},"3":{"start":{"line":31,"column":6},"end":{"line":31,"column":55}},"4":{"start":{"line":31,"column":45},"end":{"line":31,"column":54}},"5":{"start":{"line":32,"column":64},"end":{"line":34,"column":7}},"6":{"start":{"line":36,"column":2},"end":{"line":57,"column":38}},"7":{"start":{"line":37,"column":4},"end":{"line":56,"column":5}},"8":{"start":{"line":38,"column":41},"end":{"line":54,"column":8}},"9":{"start":{"line":41,"column":8},"end":{"line":53,"column":10}},"10":{"start":{"line":55,"column":6},"end":{"line":55,"column":61}},"11":{"start":{"line":59,"column":26},"end":{"line":63,"column":16}},"12":{"start":{"line":60,"column":4},"end":{"line":62,"column":7}},"13":{"start":{"line":65,"column":2},"end":{"line":67,"column":24}},"14":{"start":{"line":66,"column":4},"end":{"line":66,"column":22}},"15":{"start":{"line":69,"column":2},"end":{"line":71,"column":3}},"16":{"start":{"line":70,"column":4},"end":{"line":70,"column":25}},"17":{"start":{"line":73,"column":2},"end":{"line":75,"column":3}},"18":{"start":{"line":74,"column":4},"end":{"line":74,"column":49}},"19":{"start":{"line":77,"column":2},"end":{"line":91,"column":4}},"20":{"start":{"line":94,"column":15},"end":{"line":107,"column":2}}},"fnMap":{"0":{"name":"(anonymous_0)","decl":{"start":{"line":15,"column":37},"end":{"line":15,"column":38}},"loc":{"start":{"line":15,"column":43},"end":{"line":92,"column":1}},"line":15},"1":{"name":"(anonymous_1)","decl":{"start":{"line":31,"column":18},"end":{"line":31,"column":19}},"loc":{"start":{"line":31,"column":45},"end":{"line":31,"column":54}},"line":31},"2":{"name":"(anonymous_2)","decl":{"start":{"line":36,"column":12},"end":{"line":36,"column":13}},"loc":{"start":{"line":36,"column":18},"end":{"line":57,"column":3}},"line":36},"3":{"name":"(anonymous_3)","decl":{"start":{"line":40,"column":12},"end":{"line":40,"column":13}},"loc":{"start":{"line":40,"column":24},"end":{"line":54,"column":7}},"line":40},"4":{"name":"(anonymous_4)","decl":{"start":{"line":59,"column":38},"end":{"line":59,"column":39}},"loc":{"start":{"line":59,"column":44},"end":{"line":63,"column":3}},"line":59},"5":{"name":"(anonymous_5)","decl":{"start":{"line":65,"column":12},"end":{"line":65,"column":13}},"loc":{"start":{"line":65,"column":18},"end":{"line":67,"column":3}},"line":65}},"branchMap":{"0":{"loc":{"start":{"line":37,"column":4},"end":{"line":56,"column":5}},"type":"if","locations":[{"start":{"line":37,"column":4},"end":{"line":56,"column":5}},{"start":{},"end":{}}],"line":37},"1":{"loc":{"start":{"line":69,"column":2},"end":{"line":71,"column":3}},"type":"if","locations":[{"start":{"line":69,"column":2},"end":{"line":71,"column":3}},{"start":{},"end":{}}],"line":69},"2":{"loc":{"start":{"line":73,"column":2},"end":{"line":75,"column":3}},"type":"if","locations":[{"start":{"line":73,"column":2},"end":{"line":75,"column":3}},{"start":{},"end":{}}],"line":73}},"s":{"0":1,"1":0,"2":0,"3":0,"4":0,"5":0,"6":0,"7":0,"8":0,"9":0,"10":0,"11":0,"12":0,"13":0,"14":0,"15":0,"16":0,"17":0,"18":0,"19":0,"20":1},"f":{"0":0,"1":0,"2":0,"3":0,"4":0,"5":0},"b":{"0":[0,0],"1":[0,0],"2":[0,0]},"_coverageSchema":"1a1c01bbd47fc00a2c39e90264f33305004495a9","hash":"c290bbb4f6ff7d203d3842f4580da4d04f334046"}
,"/Users/cklfish/Projects/coingecko/routes/CryptoSummary/CryptoSummary.tsx": {"path":"/Users/cklfish/Projects/coingecko/routes/CryptoSummary/CryptoSummary.tsx","statementMap":{"0":{"start":{"line":15,"column":36},"end":{"line":170,"column":1}},"1":{"start":{"line":16,"column":19},"end":{"line":16,"column":29}},"2":{"start":{"line":18,"column":53},"end":{"line":20,"column":7}},"3":{"start":{"line":21,"column":36},"end":{"line":21,"column":51}},"4":{"start":{"line":25,"column":6},"end":{"line":28,"column":4}},"5":{"start":{"line":27,"column":4},"end":{"line":27,"column":21}},"6":{"start":{"line":29,"column":19},"end":{"line":29,"column":32}},"7":{"start":{"line":30,"column":14},"end":{"line":30,"column":30}},"8":{"start":{"line":32,"column":2},"end":{"line":36,"column":17}},"9":{"start":{"line":33,"column":4},"end":{"line":35,"column":7}},"10":{"start":{"line":38,"column":23},"end":{"line":43,"column":3}},"11":{"start":{"line":39,"column":4},"end":{"line":42,"column":7}},"12":{"start":{"line":45,"column":29},"end":{"line":60,"column":3}},"13":{"start":{"line":47,"column":30},"end":{"line":55,"column":7}},"14":{"start":{"line":49,"column":10},"end":{"line":53,"column":12}},"15":{"start":{"line":56,"column":6},"end":{"line":56,"column":43}},"16":{"start":{"line":57,"column":6},"end":{"line":57,"column":36}},"17":{"start":{"line":62,"column":2},"end":{"line":169,"column":4}},"18":{"start":{"line":172,"column":15},"end":{"line":176,"column":2}}},"fnMap":{"0":{"name":"(anonymous_0)","decl":{"start":{"line":15,"column":36},"end":{"line":15,"column":37}},"loc":{"start":{"line":15,"column":42},"end":{"line":170,"column":1}},"line":15},"1":{"name":"(anonymous_1)","decl":{"start":{"line":25,"column":18},"end":{"line":25,"column":19}},"loc":{"start":{"line":25,"column":45},"end":{"line":28,"column":3}},"line":25},"2":{"name":"(anonymous_2)","decl":{"start":{"line":32,"column":12},"end":{"line":32,"column":13}},"loc":{"start":{"line":32,"column":18},"end":{"line":36,"column":3}},"line":32},"3":{"name":"(anonymous_3)","decl":{"start":{"line":38,"column":23},"end":{"line":38,"column":24}},"loc":{"start":{"line":38,"column":56},"end":{"line":43,"column":3}},"line":38},"4":{"name":"(anonymous_4)","decl":{"start":{"line":46,"column":4},"end":{"line":46,"column":5}},"loc":{"start":{"line":46,"column":26},"end":{"line":58,"column":5}},"line":46},"5":{"name":"(anonymous_5)","decl":{"start":{"line":48,"column":8},"end":{"line":48,"column":9}},"loc":{"start":{"line":48,"column":32},"end":{"line":54,"column":9}},"line":48}},"branchMap":{"0":{"loc":{"start":{"line":38,"column":24},"end":{"line":38,"column":51}},"type":"default-arg","locations":[{"start":{"line":38,"column":42},"end":{"line":38,"column":51}}],"line":38},"1":{"loc":{"start":{"line":50,"column":12},"end":{"line":52,"column":41}},"type":"binary-expr","locations":[{"start":{"line":50,"column":12},"end":{"line":50,"column":37}},{"start":{"line":51,"column":12},"end":{"line":51,"column":39}},{"start":{"line":52,"column":12},"end":{"line":52,"column":41}}],"line":50},"2":{"loc":{"start":{"line":110,"column":16},"end":{"line":110,"column":70}},"type":"cond-expr","locations":[{"start":{"line":110,"column":28},"end":{"line":110,"column":47}},{"start":{"line":110,"column":50},"end":{"line":110,"column":70}}],"line":110},"3":{"loc":{"start":{"line":112,"column":9},"end":{"line":118,"column":9}},"type":"cond-expr","locations":[{"start":{"line":112,"column":21},"end":{"line":112,"column":25}},{"start":{"line":113,"column":10},"end":{"line":117,"column":12}}],"line":112}},"s":{"0":1,"1":1,"2":1,"3":1,"4":1,"5":1,"6":1,"7":1,"8":1,"9":0,"10":1,"11":0,"12":1,"13":0,"14":0,"15":0,"16":0,"17":1,"18":1},"f":{"0":1,"1":1,"2":0,"3":0,"4":0,"5":0},"b":{"0":[0],"1":[0,0,0],"2":[0,1],"3":[0,1]},"_coverageSchema":"1a1c01bbd47fc00a2c39e90264f33305004495a9","hash":"8878d52d60d83e263bebd7acf7039d3659d13ea0"}
,"/Users/cklfish/Projects/coingecko/routes/CryptoSummary/CryptoSummaryTableBody.tsx": {"path":"/Users/cklfish/Projects/coingecko/routes/CryptoSummary/CryptoSummaryTableBody.tsx","statementMap":{"0":{"start":{"line":20,"column":5},"end":{"line":103,"column":1}},"1":{"start":{"line":21,"column":47},"end":{"line":21,"column":52}},"2":{"start":{"line":22,"column":26},"end":{"line":24,"column":3}},"3":{"start":{"line":23,"column":31},"end":{"line":23,"column":51}},"4":{"start":{"line":25,"column":19},"end":{"line":25,"column":32}},"5":{"start":{"line":27,"column":32},"end":{"line":35,"column":3}},"6":{"start":{"line":28,"column":24},"end":{"line":33,"column":5}},"7":{"start":{"line":29,"column":6},"end":{"line":32,"column":9}},"8":{"start":{"line":37,"column":33},"end":{"line":45,"column":3}},"9":{"start":{"line":38,"column":24},"end":{"line":43,"column":5}},"10":{"start":{"line":39,"column":6},"end":{"line":42,"column":9}},"11":{"start":{"line":47,"column":24},"end":{"line":88,"column":3}},"12":{"start":{"line":48,"column":4},"end":{"line":87,"column":6}},"13":{"start":{"line":90,"column":2},"end":{"line":92,"column":3}},"14":{"start":{"line":91,"column":4},"end":{"line":91,"column":25}},"15":{"start":{"line":94,"column":2},"end":{"line":96,"column":3}},"16":{"start":{"line":95,"column":4},"end":{"line":95,"column":46}},"17":{"start":{"line":98,"column":2},"end":{"line":100,"column":3}},"18":{"start":{"line":99,"column":4},"end":{"line":99,"column":43}},"19":{"start":{"line":102,"column":2},"end":{"line":102,"column":74}},"20":{"start":{"line":102,"column":39},"end":{"line":102,"column":58}}},"fnMap":{"0":{"name":"(anonymous_0)","decl":{"start":{"line":20,"column":5},"end":{"line":20,"column":6}},"loc":{"start":{"line":20,"column":14},"end":{"line":103,"column":1}},"line":20},"1":{"name":"(anonymous_1)","decl":{"start":{"line":23,"column":4},"end":{"line":23,"column":5}},"loc":{"start":{"line":23,"column":31},"end":{"line":23,"column":51}},"line":23},"2":{"name":"(anonymous_2)","decl":{"start":{"line":28,"column":4},"end":{"line":28,"column":5}},"loc":{"start":{"line":28,"column":24},"end":{"line":33,"column":5}},"line":28},"3":{"name":"(anonymous_3)","decl":{"start":{"line":28,"column":24},"end":{"line":28,"column":25}},"loc":{"start":{"line":28,"column":30},"end":{"line":33,"column":5}},"line":28},"4":{"name":"(anonymous_4)","decl":{"start":{"line":38,"column":4},"end":{"line":38,"column":5}},"loc":{"start":{"line":38,"column":24},"end":{"line":43,"column":5}},"line":38},"5":{"name":"(anonymous_5)","decl":{"start":{"line":38,"column":24},"end":{"line":38,"column":25}},"loc":{"start":{"line":38,"column":30},"end":{"line":43,"column":5}},"line":38},"6":{"name":"(anonymous_6)","decl":{"start":{"line":47,"column":24},"end":{"line":47,"column":25}},"loc":{"start":{"line":47,"column":53},"end":{"line":88,"column":3}},"line":47},"7":{"name":"(anonymous_7)","decl":{"start":{"line":102,"column":31},"end":{"line":102,"column":32}},"loc":{"start":{"line":102,"column":39},"end":{"line":102,"column":58}},"line":102}},"branchMap":{"0":{"loc":{"start":{"line":90,"column":2},"end":{"line":92,"column":3}},"type":"if","locations":[{"start":{"line":90,"column":2},"end":{"line":92,"column":3}},{"start":{},"end":{}}],"line":90},"1":{"loc":{"start":{"line":94,"column":2},"end":{"line":96,"column":3}},"type":"if","locations":[{"start":{"line":94,"column":2},"end":{"line":96,"column":3}},{"start":{},"end":{}}],"line":94},"2":{"loc":{"start":{"line":98,"column":2},"end":{"line":100,"column":3}},"type":"if","locations":[{"start":{"line":98,"column":2},"end":{"line":100,"column":3}},{"start":{},"end":{}}],"line":98}},"s":{"0":1,"1":1,"2":1,"3":1,"4":1,"5":1,"6":0,"7":0,"8":1,"9":0,"10":0,"11":1,"12":0,"13":1,"14":0,"15":1,"16":0,"17":1,"18":1,"19":0,"20":0},"f":{"0":1,"1":1,"2":0,"3":0,"4":0,"5":0,"6":0,"7":0},"b":{"0":[0,1],"1":[0,1],"2":[1,0]},"_coverageSchema":"1a1c01bbd47fc00a2c39e90264f33305004495a9","hash":"b45afe9155ceb1ea29286a087f928ba2b8043972"}
,"/Users/cklfish/Projects/coingecko/routes/CryptoSummary/CryptoSummaryTableBodyEmpty.tsx": {"path":"/Users/cklfish/Projects/coingecko/routes/CryptoSummary/CryptoSummaryTableBodyEmpty.tsx","statementMap":{"0":{"start":{"line":7,"column":36},"end":{"line":25,"column":1}},"1":{"start":{"line":8,"column":14},"end":{"line":8,"column":30}},"2":{"start":{"line":9,"column":19},"end":{"line":9,"column":29}},"3":{"start":{"line":11,"column":2},"end":{"line":24,"column":4}},"4":{"start":{"line":27,"column":15},"end":{"line":38,"column":2}}},"fnMap":{"0":{"name":"(anonymous_0)","decl":{"start":{"line":7,"column":36},"end":{"line":7,"column":37}},"loc":{"start":{"line":7,"column":42},"end":{"line":25,"column":1}},"line":7}},"branchMap":{},"s":{"0":1,"1":1,"2":1,"3":1,"4":1},"f":{"0":1},"b":{},"_coverageSchema":"1a1c01bbd47fc00a2c39e90264f33305004495a9","hash":"bfc1097ccca0578c3dc8940a25d2821b0c68321b"}
,"/Users/cklfish/Projects/coingecko/routes/CryptoSummary/index.tsx": {"path":"/Users/cklfish/Projects/coingecko/routes/CryptoSummary/index.tsx","statementMap":{},"fnMap":{},"branchMap":{},"s":{},"f":{},"b":{},"_coverageSchema":"1a1c01bbd47fc00a2c39e90264f33305004495a9","hash":"8d68d621af6aeda48c70957f4b75b78910437852"}
,"/Users/cklfish/Projects/coingecko/routes/CryptoTrend/CryptoTrend.tsx": {"path":"/Users/cklfish/Projects/coingecko/routes/CryptoTrend/CryptoTrend.tsx","statementMap":{"0":{"start":{"line":12,"column":20},"end":{"line":58,"column":1}},"1":{"start":{"line":16,"column":6},"end":{"line":16,"column":55}},"2":{"start":{"line":16,"column":45},"end":{"line":16,"column":54}},"3":{"start":{"line":17,"column":19},"end":{"line":17,"column":32}},"4":{"start":{"line":19,"column":25},"end":{"line":23,"column":16}},"5":{"start":{"line":20,"column":4},"end":{"line":22,"column":7}},"6":{"start":{"line":25,"column":2},"end":{"line":27,"column":23}},"7":{"start":{"line":26,"column":4},"end":{"line":26,"column":21}},"8":{"start":{"line":29,"column":49},"end":{"line":39,"column":3}},"9":{"start":{"line":30,"column":4},"end":{"line":38,"column":6}},"10":{"start":{"line":41,"column":2},"end":{"line":43,"column":3}},"11":{"start":{"line":42,"column":4},"end":{"line":42,"column":25}},"12":{"start":{"line":45,"column":2},"end":{"line":47,"column":3}},"13":{"start":{"line":46,"column":4},"end":{"line":46,"column":48}},"14":{"start":{"line":50,"column":2},"end":{"line":57,"column":11}},"15":{"start":{"line":55,"column":36},"end":{"line":55,"column":69}},"16":{"start":{"line":60,"column":15},"end":{"line":67,"column":2}}},"fnMap":{"0":{"name":"(anonymous_0)","decl":{"start":{"line":12,"column":20},"end":{"line":12,"column":21}},"loc":{"start":{"line":12,"column":26},"end":{"line":58,"column":1}},"line":12},"1":{"name":"(anonymous_1)","decl":{"start":{"line":16,"column":18},"end":{"line":16,"column":19}},"loc":{"start":{"line":16,"column":45},"end":{"line":16,"column":54}},"line":16},"2":{"name":"(anonymous_2)","decl":{"start":{"line":19,"column":37},"end":{"line":19,"column":38}},"loc":{"start":{"line":19,"column":43},"end":{"line":23,"column":3}},"line":19},"3":{"name":"(anonymous_3)","decl":{"start":{"line":25,"column":12},"end":{"line":25,"column":13}},"loc":{"start":{"line":25,"column":18},"end":{"line":27,"column":3}},"line":25},"4":{"name":"(anonymous_4)","decl":{"start":{"line":29,"column":49},"end":{"line":29,"column":50}},"loc":{"start":{"line":29,"column":78},"end":{"line":39,"column":3}},"line":29},"5":{"name":"(anonymous_5)","decl":{"start":{"line":55,"column":30},"end":{"line":55,"column":31}},"loc":{"start":{"line":55,"column":36},"end":{"line":55,"column":69}},"line":55}},"branchMap":{"0":{"loc":{"start":{"line":41,"column":2},"end":{"line":43,"column":3}},"type":"if","locations":[{"start":{"line":41,"column":2},"end":{"line":43,"column":3}},{"start":{},"end":{}}],"line":41},"1":{"loc":{"start":{"line":45,"column":2},"end":{"line":47,"column":3}},"type":"if","locations":[{"start":{"line":45,"column":2},"end":{"line":47,"column":3}},{"start":{},"end":{}}],"line":45},"2":{"loc":{"start":{"line":50,"column":9},"end":{"line":57,"column":10}},"type":"cond-expr","locations":[{"start":{"line":51,"column":4},"end":{"line":56,"column":6}},{"start":{"line":57,"column":6},"end":{"line":57,"column":10}}],"line":50},"3":{"loc":{"start":{"line":50,"column":9},"end":{"line":50,"column":34}},"type":"binary-expr","locations":[{"start":{"line":50,"column":9},"end":{"line":50,"column":14}},{"start":{"line":50,"column":18},"end":{"line":50,"column":34}}],"line":50}},"s":{"0":1,"1":0,"2":0,"3":0,"4":0,"5":0,"6":0,"7":0,"8":0,"9":0,"10":0,"11":0,"12":0,"13":0,"14":0,"15":0,"16":1},"f":{"0":0,"1":0,"2":0,"3":0,"4":0,"5":0},"b":{"0":[0,0],"1":[0,0],"2":[0,0],"3":[0,0]},"_coverageSchema":"1a1c01bbd47fc00a2c39e90264f33305004495a9","hash":"d7fa2e98bc9d78c5fe637d1e25bda5c7a0674737"}
,"/Users/cklfish/Projects/coingecko/routes/CryptoTrend/index.tsx": {"path":"/Users/cklfish/Projects/coingecko/routes/CryptoTrend/index.tsx","statementMap":{},"fnMap":{},"branchMap":{},"s":{},"f":{},"b":{},"_coverageSchema":"1a1c01bbd47fc00a2c39e90264f33305004495a9","hash":"e8a5792b47a56b9a7f6a741b196053f27fd155f9"}
,"/Users/cklfish/Projects/coingecko/sagas/crypto.saga.ts": {"path":"/Users/cklfish/Projects/coingecko/sagas/crypto.saga.ts","statementMap":{"0":{"start":{"line":11,"column":2},"end":{"line":29,"column":3}},"1":{"start":{"line":12,"column":22},"end":{"line":12,"column":43}},"2":{"start":{"line":13,"column":66},"end":{"line":16,"column":5}},"3":{"start":{"line":17,"column":4},"end":{"line":23,"column":7}},"4":{"start":{"line":25,"column":4},"end":{"line":28,"column":7}},"5":{"start":{"line":33,"column":2},"end":{"line":33,"column":74}}},"fnMap":{"0":{"name":"fetchCryptoCurrencies","decl":{"start":{"line":10,"column":10},"end":{"line":10,"column":31}},"loc":{"start":{"line":10,"column":51},"end":{"line":30,"column":1}},"line":10},"1":{"name":"cryptoSaga","decl":{"start":{"line":32,"column":10},"end":{"line":32,"column":20}},"loc":{"start":{"line":32,"column":23},"end":{"line":34,"column":1}},"line":32}},"branchMap":{"0":{"loc":{"start":{"line":12,"column":22},"end":{"line":12,"column":43}},"type":"binary-expr","locations":[{"start":{"line":12,"column":22},"end":{"line":12,"column":38}},{"start":{"line":12,"column":42},"end":{"line":12,"column":43}}],"line":12}},"s":{"0":0,"1":0,"2":0,"3":0,"4":0,"5":1},"f":{"0":0,"1":1},"b":{"0":[0,0]},"_coverageSchema":"1a1c01bbd47fc00a2c39e90264f33305004495a9","hash":"cef824bbbca972c59568dbe3ebf272d1112796ef"}
,"/Users/cklfish/Projects/coingecko/sagas/index.ts": {"path":"/Users/cklfish/Projects/coingecko/sagas/index.ts","statementMap":{},"fnMap":{},"branchMap":{},"s":{},"f":{},"b":{},"_coverageSchema":"1a1c01bbd47fc00a2c39e90264f33305004495a9","hash":"d9a9b1caba5e28fa620602d5e4b5938a4a09f641"}
,"/Users/cklfish/Projects/coingecko/sagas/market.saga.ts": {"path":"/Users/cklfish/Projects/coingecko/sagas/market.saga.ts","statementMap":{"0":{"start":{"line":9,"column":2},"end":{"line":32,"column":3}},"1":{"start":{"line":10,"column":68},"end":{"line":12,"column":5}},"2":{"start":{"line":13,"column":4},"end":{"line":26,"column":7}},"3":{"start":{"line":28,"column":4},"end":{"line":31,"column":7}},"4":{"start":{"line":36,"column":2},"end":{"line":36,"column":68}}},"fnMap":{"0":{"name":"fetchMarketData","decl":{"start":{"line":8,"column":10},"end":{"line":8,"column":25}},"loc":{"start":{"line":8,"column":28},"end":{"line":33,"column":1}},"line":8},"1":{"name":"marketSaga","decl":{"start":{"line":35,"column":10},"end":{"line":35,"column":20}},"loc":{"start":{"line":35,"column":23},"end":{"line":37,"column":1}},"line":35}},"branchMap":{},"s":{"0":0,"1":0,"2":0,"3":0,"4":1},"f":{"0":0,"1":1},"b":{},"_coverageSchema":"1a1c01bbd47fc00a2c39e90264f33305004495a9","hash":"10ee595168cd78d7a2f87887c001be7c133289ad"}
,"/Users/cklfish/Projects/coingecko/sagas/preference.saga.ts": {"path":"/Users/cklfish/Projects/coingecko/sagas/preference.saga.ts","statementMap":{"0":{"start":{"line":8,"column":32},"end":{"line":8,"column":46}},"1":{"start":{"line":9,"column":2},"end":{"line":19,"column":3}},"2":{"start":{"line":10,"column":29},"end":{"line":13,"column":5}},"3":{"start":{"line":15,"column":4},"end":{"line":18,"column":7}},"4":{"start":{"line":23,"column":32},"end":{"line":23,"column":46}},"5":{"start":{"line":25,"column":27},"end":{"line":27,"column":3}},"6":{"start":{"line":26,"column":11},"end":{"line":26,"column":33}},"7":{"start":{"line":29,"column":2},"end":{"line":32,"column":5}},"8":{"start":{"line":36,"column":2},"end":{"line":36,"column":71}},"9":{"start":{"line":37,"column":2},"end":{"line":37,"column":71}}},"fnMap":{"0":{"name":"addFavourite","decl":{"start":{"line":7,"column":10},"end":{"line":7,"column":22}},"loc":{"start":{"line":7,"column":42},"end":{"line":20,"column":1}},"line":7},"1":{"name":"delFavourite","decl":{"start":{"line":22,"column":10},"end":{"line":22,"column":22}},"loc":{"start":{"line":22,"column":42},"end":{"line":33,"column":1}},"line":22},"2":{"name":"(anonymous_2)","decl":{"start":{"line":26,"column":4},"end":{"line":26,"column":5}},"loc":{"start":{"line":26,"column":11},"end":{"line":26,"column":33}},"line":26},"3":{"name":"userPrefSaga","decl":{"start":{"line":35,"column":10},"end":{"line":35,"column":22}},"loc":{"start":{"line":35,"column":25},"end":{"line":38,"column":1}},"line":35}},"branchMap":{"0":{"loc":{"start":{"line":9,"column":2},"end":{"line":19,"column":3}},"type":"if","locations":[{"start":{"line":9,"column":2},"end":{"line":19,"column":3}},{"start":{},"end":{}}],"line":9}},"s":{"0":0,"1":0,"2":0,"3":0,"4":0,"5":0,"6":0,"7":0,"8":1,"9":1},"f":{"0":0,"1":0,"2":0,"3":1},"b":{"0":[0,0]},"_coverageSchema":"1a1c01bbd47fc00a2c39e90264f33305004495a9","hash":"c71c4cc42987b2176ceac5e558f25efb27d91694"}
,"/Users/cklfish/Projects/coingecko/sagas/saga.ts": {"path":"/Users/cklfish/Projects/coingecko/sagas/saga.ts","statementMap":{"0":{"start":{"line":9,"column":2},"end":{"line":9,"column":25}},"1":{"start":{"line":10,"column":2},"end":{"line":10,"column":29}},"2":{"start":{"line":11,"column":2},"end":{"line":11,"column":25}},"3":{"start":{"line":12,"column":2},"end":{"line":12,"column":24}}},"fnMap":{"0":{"name":"rootSaga","decl":{"start":{"line":8,"column":10},"end":{"line":8,"column":18}},"loc":{"start":{"line":8,"column":21},"end":{"line":13,"column":1}},"line":8}},"branchMap":{},"s":{"0":1,"1":1,"2":1,"3":1},"f":{"0":1},"b":{},"_coverageSchema":"1a1c01bbd47fc00a2c39e90264f33305004495a9","hash":"0144120af4733c74e8501b6375b6af57cfaf57b4"}
,"/Users/cklfish/Projects/coingecko/sagas/trend.saga.ts": {"path":"/Users/cklfish/Projects/coingecko/sagas/trend.saga.ts","statementMap":{"0":{"start":{"line":9,"column":2},"end":{"line":23,"column":3}},"1":{"start":{"line":12,"column":38},"end":{"line":12,"column":73}},"2":{"start":{"line":14,"column":4},"end":{"line":17,"column":7}},"3":{"start":{"line":19,"column":4},"end":{"line":22,"column":7}},"4":{"start":{"line":27,"column":2},"end":{"line":27,"column":66}}},"fnMap":{"0":{"name":"fetchTrendData","decl":{"start":{"line":8,"column":10},"end":{"line":8,"column":24}},"loc":{"start":{"line":8,"column":27},"end":{"line":24,"column":1}},"line":8},"1":{"name":"trendSaga","decl":{"start":{"line":26,"column":10},"end":{"line":26,"column":19}},"loc":{"start":{"line":26,"column":22},"end":{"line":28,"column":1}},"line":26}},"branchMap":{},"s":{"0":0,"1":0,"2":0,"3":0,"4":1},"f":{"0":0,"1":1},"b":{},"_coverageSchema":"1a1c01bbd47fc00a2c39e90264f33305004495a9","hash":"f925d9c7dda8bdf2f6f8b3015b98fdbd0c3149a6"}
,"/Users/cklfish/Projects/coingecko/store/index.ts": {"path":"/Users/cklfish/Projects/coingecko/store/index.ts","statementMap":{"0":{"start":{"line":20,"column":23},"end":{"line":20,"column":45}},"1":{"start":{"line":22,"column":16},"end":{"line":22,"column":53}},"2":{"start":{"line":24,"column":25},"end":{"line":36,"column":1}},"3":{"start":{"line":38,"column":21},"end":{"line":41,"column":2}},"4":{"start":{"line":43,"column":25},"end":{"line":43,"column":44}},"5":{"start":{"line":45,"column":0},"end":{"line":45,"column":29}}},"fnMap":{},"branchMap":{},"s":{"0":1,"1":1,"2":1,"3":1,"4":1,"5":1},"f":{},"b":{},"_coverageSchema":"1a1c01bbd47fc00a2c39e90264f33305004495a9","hash":"41141746364d9a733933f64202a3344b90cd590a"}
,"/Users/cklfish/Projects/coingecko/theme/light.theme.ts": {"path":"/Users/cklfish/Projects/coingecko/theme/light.theme.ts","statementMap":{"0":{"start":{"line":3,"column":14},"end":{"line":13,"column":1}}},"fnMap":{},"branchMap":{},"s":{"0":3},"f":{},"b":{},"_coverageSchema":"1a1c01bbd47fc00a2c39e90264f33305004495a9","hash":"ec1a5c271f2b95bf5665e847d9dbd9f3ea5777cb"}
}
