TN:
SF:App.tsx
FN:27,(anonymous_0)
FNF:1
FNH:1
FNDA:1,(anonymous_0)
DA:27,1
DA:30,1
DA:42,1
LF:3
LH:3
BRF:0
BRH:0
end_of_record
TN:
SF:i18n.tsx
FNF:0
FNH:0
DA:6,1
LF:1
LH:1
BRF:0
BRH:0
end_of_record
TN:
SF:wdyr.ts
FNF:0
FNH:0
DA:5,1
DA:6,0
DA:7,0
LF:3
LH:1
BRDA:5,0,0,0
BRDA:5,0,1,1
BRF:2
BRH:1
end_of_record
TN:
SF:Utils/NumberUtil.ts
FN:2,(anonymous_0)
FNF:1
FNH:1
FNDA:27,(anonymous_0)
DA:3,27
LF:1
LH:1
BRF:0
BRH:0
end_of_record
TN:
SF:Utils/TextUtil.ts
FN:4,(anonymous_0)
FN:11,(anonymous_1)
FNF:2
FNH:2
FNDA:6,(anonymous_0)
FNDA:3,(anonymous_1)
DA:8,6
DA:20,3
LF:2
LH:2
BRDA:6,0,0,4
BRDA:13,1,0,3
BRDA:14,2,0,3
BRF:3
BRH:3
end_of_record
TN:
SF:Utils/index.ts
FNF:0
FNH:0
LF:0
LH:0
BRF:0
BRH:0
end_of_record
TN:
SF:actions/action.ts
FNF:0
FNH:0
DA:9,1
DA:32,1
LF:2
LH:2
BRF:0
BRH:0
end_of_record
TN:
SF:actions/index.ts
FNF:0
FNH:0
LF:0
LH:0
BRF:0
BRH:0
end_of_record
TN:
SF:apis/apis.ts
FN:20,(anonymous_0)
FN:27,(anonymous_1)
FN:34,(anonymous_2)
FN:57,(anonymous_3)
FN:75,(anonymous_4)
FN:84,(anonymous_5)
FN:96,(anonymous_6)
FN:105,(anonymous_7)
FNF:8
FNH:6
FNDA:5,(anonymous_0)
FNDA:3,(anonymous_1)
FNDA:3,(anonymous_2)
FNDA:1,(anonymous_3)
FNDA:1,(anonymous_4)
FNDA:0,(anonymous_5)
FNDA:0,(anonymous_6)
FNDA:1,(anonymous_7)
DA:20,2
DA:21,5
DA:22,2
DA:24,3
DA:27,2
DA:28,3
DA:29,1
DA:31,2
DA:34,3
DA:40,2
DA:43,2
DA:44,2
DA:57,2
DA:58,1
DA:63,1
DA:64,1
DA:72,1
DA:75,2
DA:76,1
DA:81,1
DA:84,2
DA:88,0
DA:93,0
DA:96,2
DA:97,0
DA:102,0
DA:105,2
DA:107,1
DA:109,1
LF:29
LH:25
BRDA:21,0,0,2
BRDA:21,0,1,3
BRDA:28,1,0,1
BRDA:28,1,1,2
BRDA:28,2,0,3
BRDA:28,2,1,3
BRDA:57,3,0,0
BRDA:63,4,0,1
BRDA:63,4,1,0
BRDA:63,5,0,1
BRDA:63,5,1,1
BRF:11
BRH:9
end_of_record
TN:
SF:components/CGAppbar/CGAppbar.tsx
FN:6,(anonymous_0)
FNF:1
FNH:1
FNDA:2,(anonymous_0)
DA:6,2
DA:9,2
LF:2
LH:2
BRF:0
BRH:0
end_of_record
TN:
SF:components/CGAppbar/index.tsx
FNF:0
FNH:0
LF:0
LH:0
BRF:0
BRH:0
end_of_record
TN:
SF:components/CGColorText/CGColorText.tsx
FN:13,(anonymous_0)
FNF:1
FNH:1
FNDA:4,(anonymous_0)
DA:13,4
DA:14,4
DA:15,4
DA:17,4
LF:4
LH:4
BRDA:14,0,0,3
BRDA:14,1,0,4
BRDA:22,2,0,3
BRDA:22,2,1,1
BRDA:22,3,0,1
BRDA:22,3,1,0
BRF:6
BRH:5
end_of_record
TN:
SF:components/CGColorText/index.tsx
FNF:0
FNH:0
LF:0
LH:0
BRF:0
BRH:0
end_of_record
TN:
SF:components/CGDataRow/CGDataRow.tsx
FN:33,(anonymous_0)
FN:38,(anonymous_1)
FNF:2
FNH:2
FNDA:3,(anonymous_0)
FNDA:5,(anonymous_1)
DA:33,2
DA:34,3
DA:36,3
DA:39,5
DA:40,5
DA:42,1
DA:48,1
DA:54,1
DA:60,1
DA:67,1
DA:78,2
LF:11
LH:11
BRDA:34,0,0,3
BRDA:40,1,0,1
BRDA:40,1,1,1
BRDA:40,1,2,1
BRDA:40,1,3,1
BRDA:40,1,4,1
BRDA:40,1,5,1
BRF:7
BRH:7
end_of_record
TN:
SF:components/CGDataRow/index.tsx
FNF:0
FNH:0
LF:0
LH:0
BRF:0
BRH:0
end_of_record
TN:
SF:components/CGError/CGError.tsx
FN:10,(anonymous_0)
FN:14,(anonymous_1)
FNF:2
FNH:1
FNDA:2,(anonymous_0)
FNDA:0,(anonymous_1)
DA:10,2
DA:11,2
DA:12,2
DA:14,2
DA:15,0
DA:16,0
DA:20,2
DA:30,2
LF:8
LH:6
BRDA:15,0,0,0
BRDA:15,0,1,0
BRF:2
BRH:0
end_of_record
TN:
SF:components/CGError/index.tsx
FNF:0
FNH:0
LF:0
LH:0
BRF:0
BRH:0
end_of_record
TN:
SF:components/CGFavouriteButton/CGFavouriteButton.tsx
FN:14,(anonymous_0)
FN:25,(anonymous_1)
FN:34,(anonymous_2)
FNF:3
FNH:1
FNDA:4,(anonymous_0)
FNDA:0,(anonymous_1)
FNDA:0,(anonymous_2)
DA:14,3
DA:21,4
DA:22,4
DA:24,4
DA:26,0
DA:27,0
DA:33,4
DA:35,0
DA:36,0
DA:42,4
LF:10
LH:6
BRDA:26,0,0,0
BRDA:26,0,1,0
BRDA:35,1,0,0
BRDA:35,1,1,0
BRDA:42,2,0,1
BRDA:42,2,1,3
BRF:6
BRH:2
end_of_record
TN:
SF:components/CGFavouriteButton/index.tsx
FNF:0
FNH:0
LF:0
LH:0
BRF:0
BRH:0
end_of_record
TN:
SF:components/CGGlobalMarket/CGGlobalMarket.tsx
FN:39,(anonymous_0)
FN:44,(anonymous_1)
FN:67,(anonymous_2)
FN:76,(anonymous_3)
FN:87,(anonymous_4)
FN:96,(anonymous_5)
FN:110,(anonymous_6)
FN:111,(anonymous_7)
FNF:8
FNH:8
FNDA:1,(anonymous_0)
FNDA:1,(anonymous_1)
FNDA:1,(anonymous_2)
FNDA:1,(anonymous_3)
FNDA:1,(anonymous_4)
FNDA:1,(anonymous_5)
FNDA:1,(anonymous_6)
FNDA:1,(anonymous_7)
DA:34,2
DA:39,1
DA:44,2
DA:56,1
DA:57,1
DA:58,1
DA:60,1
DA:68,1
DA:77,1
DA:88,1
DA:97,1
DA:110,1
DA:112,1
DA:142,2
LF:14
LH:14
BRDA:39,0,0,0
BRDA:54,1,0,0
BRDA:55,2,0,0
BRDA:57,3,0,1
BRDA:57,3,1,1
BRDA:105,4,0,1
BRDA:105,4,1,0
BRDA:112,5,0,1
BRDA:112,5,1,0
BRDA:122,6,0,1
BRDA:122,6,1,0
BRF:11
BRH:5
end_of_record
TN:
SF:components/CGGlobalMarket/index.tsx
FNF:0
FNH:0
LF:0
LH:0
BRF:0
BRH:0
end_of_record
TN:
SF:components/CGLoading/CGLoading.tsx
FN:6,(anonymous_0)
FNF:1
FNH:0
FNDA:0,(anonymous_0)
DA:6,1
DA:7,0
DA:16,1
LF:3
LH:2
BRF:0
BRH:0
end_of_record
TN:
SF:components/CGLoading/CGLoadingIndicator.tsx
FN:9,(anonymous_0)
FNF:1
FNH:0
FNDA:0,(anonymous_0)
DA:9,1
DA:10,0
LF:2
LH:1
BRF:0
BRH:0
end_of_record
TN:
SF:components/CGLoading/index.tsx
FNF:0
FNH:0
LF:0
LH:0
BRF:0
BRH:0
end_of_record
TN:
SF:components/CGPagination/CGPagination.tsx
FN:11,(anonymous_0)
FN:15,(anonymous_1)
FN:23,(anonymous_2)
FN:27,(anonymous_3)
FN:33,(anonymous_4)
FN:39,(anonymous_5)
FNF:6
FNH:1
FNDA:1,(anonymous_0)
FNDA:0,(anonymous_1)
FNDA:0,(anonymous_2)
FNDA:0,(anonymous_3)
FNDA:0,(anonymous_4)
FNDA:0,(anonymous_5)
DA:11,1
DA:12,1
DA:14,1
DA:16,0
DA:17,0
DA:23,1
DA:24,0
DA:27,1
DA:28,0
DA:29,0
DA:33,1
DA:34,0
DA:35,0
DA:39,1
DA:40,0
DA:43,1
DA:70,1
LF:17
LH:9
BRDA:16,0,0,0
BRDA:16,0,1,0
BRDA:28,1,0,0
BRDA:28,1,1,0
BRDA:34,2,0,0
BRDA:34,2,1,0
BRDA:43,3,0,0
BRDA:43,3,1,1
BRF:8
BRH:1
end_of_record
TN:
SF:components/CGTrendCard/CGTrendCard.tsx
FN:22,(anonymous_0)
FN:30,(anonymous_1)
FN:35,(anonymous_2)
FN:37,(anonymous_3)
FN:38,(anonymous_4)
FN:39,(anonymous_5)
FN:46,(anonymous_6)
FN:85,(anonymous_7)
FN:91,(anonymous_8)
FNF:9
FNH:0
FNDA:0,(anonymous_0)
FNDA:0,(anonymous_1)
FNDA:0,(anonymous_2)
FNDA:0,(anonymous_3)
FNDA:0,(anonymous_4)
FNDA:0,(anonymous_5)
FNDA:0,(anonymous_6)
FNDA:0,(anonymous_7)
FNDA:0,(anonymous_8)
DA:22,1
DA:23,0
DA:24,0
DA:25,0
DA:30,0
DA:32,0
DA:33,0
DA:35,0
DA:36,0
DA:38,0
DA:39,0
DA:40,0
DA:46,0
DA:47,0
DA:51,0
DA:53,0
DA:86,0
DA:91,0
DA:115,1
LF:19
LH:2
BRDA:24,0,0,0
BRDA:24,0,1,0
BRDA:62,1,0,0
BRDA:62,1,1,0
BRDA:68,2,0,0
BRDA:68,2,1,0
BRDA:68,3,0,0
BRDA:68,3,1,0
BRDA:85,4,0,0
BRDA:86,5,0,0
BRDA:86,5,1,0
BRDA:88,6,0,0
BRDA:88,6,1,0
BRDA:91,7,0,0
BRF:14
BRH:0
end_of_record
TN:
SF:components/CGTrendCard/index.ts
FNF:0
FNH:0
LF:0
LH:0
BRF:0
BRH:0
end_of_record
TN:
SF:reducers/crypto.reducer.ts
FN:24,(anonymous_0)
FN:25,(anonymous_1)
FN:28,(anonymous_2)
FN:36,(anonymous_3)
FNF:4
FNH:1
FNDA:1,(anonymous_0)
FNDA:0,(anonymous_1)
FNDA:0,(anonymous_2)
FNDA:0,(anonymous_3)
DA:16,1
DA:25,1
DA:26,0
DA:28,1
DA:29,0
DA:33,0
DA:34,0
DA:36,1
DA:37,0
DA:38,0
LF:10
LH:4
BRF:0
BRH:0
end_of_record
TN:
SF:reducers/market.reducer.ts
FN:15,(anonymous_0)
FN:16,(anonymous_1)
FN:19,(anonymous_2)
FN:32,(anonymous_3)
FNF:4
FNH:1
FNDA:1,(anonymous_0)
FNDA:0,(anonymous_1)
FNDA:0,(anonymous_2)
FNDA:0,(anonymous_3)
DA:11,1
DA:16,1
DA:17,0
DA:19,1
DA:20,0
DA:21,0
DA:22,0
DA:23,0
DA:25,0
DA:26,0
DA:27,0
DA:28,0
DA:29,0
DA:30,0
DA:32,1
DA:33,0
DA:34,0
LF:17
LH:4
BRF:0
BRH:0
end_of_record
TN:
SF:reducers/preference.reducer.ts
FN:17,(anonymous_0)
FN:18,(anonymous_1)
FNF:2
FNH:1
FNDA:1,(anonymous_0)
FNDA:0,(anonymous_1)
DA:11,1
DA:18,1
DA:19,0
LF:3
LH:2
BRF:0
BRH:0
end_of_record
TN:
SF:reducers/trend.reducer.ts
FN:18,(anonymous_0)
FN:19,(anonymous_1)
FN:22,(anonymous_2)
FN:26,(anonymous_3)
FNF:4
FNH:1
FNDA:1,(anonymous_0)
FNDA:0,(anonymous_1)
FNDA:0,(anonymous_2)
FNDA:0,(anonymous_3)
DA:12,1
DA:19,1
DA:20,0
DA:22,1
DA:23,0
DA:24,0
DA:26,1
DA:27,0
DA:28,0
LF:9
LH:4
BRF:0
BRH:0
end_of_record
TN:
SF:routes/index.tsx
FN:26,Router
FN:37,(anonymous_1)
FN:54,(anonymous_2)
FN:68,(anonymous_3)
FN:93,(anonymous_4)
FNF:5
FNH:5
FNDA:1,Router
FNDA:2,(anonymous_1)
FNDA:2,(anonymous_2)
FNDA:2,(anonymous_3)
FNDA:3,(anonymous_4)
DA:18,1
DA:19,1
DA:27,1
DA:28,1
DA:29,1
DA:31,1
DA:39,2
DA:55,2
DA:69,2
DA:85,1
DA:94,3
LF:11
LH:11
BRF:0
BRH:0
end_of_record
TN:
SF:routes/CryptoGlobalMarket/CryptoGlobalMarket.tsx
FN:15,(anonymous_0)
FN:31,(anonymous_1)
FN:36,(anonymous_2)
FN:40,(anonymous_3)
FN:59,(anonymous_4)
FN:65,(anonymous_5)
FNF:6
FNH:0
FNDA:0,(anonymous_0)
FNDA:0,(anonymous_1)
FNDA:0,(anonymous_2)
FNDA:0,(anonymous_3)
FNDA:0,(anonymous_4)
FNDA:0,(anonymous_5)
DA:15,1
DA:16,0
DA:17,0
DA:31,0
DA:32,0
DA:36,0
DA:37,0
DA:38,0
DA:41,0
DA:55,0
DA:59,0
DA:60,0
DA:65,0
DA:66,0
DA:69,0
DA:70,0
DA:73,0
DA:74,0
DA:77,0
DA:94,1
LF:20
LH:2
BRDA:37,0,0,0
BRDA:37,0,1,0
BRDA:69,1,0,0
BRDA:69,1,1,0
BRDA:73,2,0,0
BRDA:73,2,1,0
BRF:6
BRH:0
end_of_record
TN:
SF:routes/CryptoSummary/CryptoSummary.tsx
FN:15,(anonymous_0)
FN:25,(anonymous_1)
FN:32,(anonymous_2)
FN:38,(anonymous_3)
FN:46,(anonymous_4)
FN:48,(anonymous_5)
FNF:6
FNH:2
FNDA:1,(anonymous_0)
FNDA:1,(anonymous_1)
FNDA:0,(anonymous_2)
FNDA:0,(anonymous_3)
FNDA:0,(anonymous_4)
FNDA:0,(anonymous_5)
DA:15,1
DA:16,1
DA:18,1
DA:21,1
DA:25,1
DA:27,1
DA:29,1
DA:30,1
DA:32,1
DA:33,0
DA:38,1
DA:39,0
DA:45,1
DA:47,0
DA:49,0
DA:56,0
DA:57,0
DA:62,1
DA:172,1
LF:19
LH:13
BRDA:38,0,0,0
BRDA:50,1,0,0
BRDA:50,1,1,0
BRDA:50,1,2,0
BRDA:110,2,0,0
BRDA:110,2,1,1
BRDA:112,3,0,0
BRDA:112,3,1,1
BRF:8
BRH:2
end_of_record
TN:
SF:routes/CryptoSummary/CryptoSummaryTableBody.tsx
FN:20,(anonymous_0)
FN:23,(anonymous_1)
FN:28,(anonymous_2)
FN:28,(anonymous_3)
FN:38,(anonymous_4)
FN:38,(anonymous_5)
FN:47,(anonymous_6)
FN:102,(anonymous_7)
FNF:8
FNH:2
FNDA:1,(anonymous_0)
FNDA:1,(anonymous_1)
FNDA:0,(anonymous_2)
FNDA:0,(anonymous_3)
FNDA:0,(anonymous_4)
FNDA:0,(anonymous_5)
FNDA:0,(anonymous_6)
FNDA:0,(anonymous_7)
DA:20,1
DA:21,1
DA:22,1
DA:23,1
DA:25,1
DA:27,1
DA:28,0
DA:29,0
DA:37,1
DA:38,0
DA:39,0
DA:47,1
DA:48,0
DA:90,1
DA:91,0
DA:94,1
DA:95,0
DA:98,1
DA:99,1
DA:102,0
LF:20
LH:12
BRDA:90,0,0,0
BRDA:90,0,1,1
BRDA:94,1,0,0
BRDA:94,1,1,1
BRDA:98,2,0,1
BRDA:98,2,1,0
BRF:6
BRH:3
end_of_record
TN:
SF:routes/CryptoSummary/CryptoSummaryTableBodyEmpty.tsx
FN:7,(anonymous_0)
FNF:1
FNH:1
FNDA:1,(anonymous_0)
DA:7,1
DA:8,1
DA:9,1
DA:11,1
DA:27,1
LF:5
LH:5
BRF:0
BRH:0
end_of_record
TN:
SF:routes/CryptoSummary/index.tsx
FNF:0
FNH:0
LF:0
LH:0
BRF:0
BRH:0
end_of_record
TN:
SF:routes/CryptoTrend/CryptoTrend.tsx
FN:12,(anonymous_0)
FN:16,(anonymous_1)
FN:19,(anonymous_2)
FN:25,(anonymous_3)
FN:29,(anonymous_4)
FN:55,(anonymous_5)
FNF:6
FNH:0
FNDA:0,(anonymous_0)
FNDA:0,(anonymous_1)
FNDA:0,(anonymous_2)
FNDA:0,(anonymous_3)
FNDA:0,(anonymous_4)
FNDA:0,(anonymous_5)
DA:12,1
DA:16,0
DA:17,0
DA:19,0
DA:20,0
DA:25,0
DA:26,0
DA:29,0
DA:30,0
DA:41,0
DA:42,0
DA:45,0
DA:46,0
DA:50,0
DA:55,0
DA:60,1
LF:16
LH:2
BRDA:41,0,0,0
BRDA:41,0,1,0
BRDA:45,1,0,0
BRDA:45,1,1,0
BRDA:50,2,0,0
BRDA:50,2,1,0
BRDA:50,3,0,0
BRDA:50,3,1,0
BRF:8
BRH:0
end_of_record
TN:
SF:routes/CryptoTrend/index.tsx
FNF:0
FNH:0
LF:0
LH:0
BRF:0
BRH:0
end_of_record
TN:
SF:sagas/crypto.saga.ts
FN:10,fetchCryptoCurrencies
FN:32,cryptoSaga
FNF:2
FNH:1
FNDA:0,fetchCryptoCurrencies
FNDA:1,cryptoSaga
DA:11,0
DA:12,0
DA:13,0
DA:17,0
DA:25,0
DA:33,1
LF:6
LH:1
BRDA:12,0,0,0
BRDA:12,0,1,0
BRF:2
BRH:0
end_of_record
TN:
SF:sagas/index.ts
FNF:0
FNH:0
LF:0
LH:0
BRF:0
BRH:0
end_of_record
TN:
SF:sagas/market.saga.ts
FN:8,fetchMarketData
FN:35,marketSaga
FNF:2
FNH:1
FNDA:0,fetchMarketData
FNDA:1,marketSaga
DA:9,0
DA:10,0
DA:13,0
DA:28,0
DA:36,1
LF:5
LH:1
BRF:0
BRH:0
end_of_record
TN:
SF:sagas/preference.saga.ts
FN:7,addFavourite
FN:22,delFavourite
FN:26,(anonymous_2)
FN:35,userPrefSaga
FNF:4
FNH:1
FNDA:0,addFavourite
FNDA:0,delFavourite
FNDA:0,(anonymous_2)
FNDA:1,userPrefSaga
DA:8,0
DA:9,0
DA:10,0
DA:15,0
DA:23,0
DA:25,0
DA:26,0
DA:29,0
DA:36,1
DA:37,1
LF:10
LH:2
BRDA:9,0,0,0
BRDA:9,0,1,0
BRF:2
BRH:0
end_of_record
TN:
SF:sagas/saga.ts
FN:8,rootSaga
FNF:1
FNH:1
FNDA:1,rootSaga
DA:9,1
DA:10,1
DA:11,1
DA:12,1
LF:4
LH:4
BRF:0
BRH:0
end_of_record
TN:
SF:sagas/trend.saga.ts
FN:8,fetchTrendData
FN:26,trendSaga
FNF:2
FNH:1
FNDA:0,fetchTrendData
FNDA:1,trendSaga
DA:9,0
DA:12,0
DA:14,0
DA:19,0
DA:27,1
LF:5
LH:1
BRF:0
BRH:0
end_of_record
TN:
SF:store/index.ts
FNF:0
FNH:0
DA:20,1
DA:22,1
DA:24,1
DA:38,1
DA:43,1
DA:45,1
LF:6
LH:6
BRF:0
BRH:0
end_of_record
TN:
SF:theme/light.theme.ts
FNF:0
FNH:0
DA:3,3
LF:1
LH:1
BRF:0
BRH:0
end_of_record
